[ 2016-01-06T12:56:10+08:00 ] 127.0.0.1 /
INFO: [ app_init ] --START--
INFO: Run Behavior\BuildLiteBehavior [ RunTime:0.000024s ]
INFO: [ app_init ] --END-- [ RunTime:0.015379s ]
INFO: [ app_begin ] --START--
INFO: Run Behavior\ReadHtmlCacheBehavior [ RunTime:0.012680s ]
INFO: [ app_begin ] --END-- [ RunTime:0.012770s ]
INFO: [ view_parse ] --START--
INFO: [ template_filter ] --START--
INFO: Run Behavior\ContentReplaceBehavior [ RunTime:0.000068s ]
INFO: [ template_filter ] --END-- [ RunTime:0.000138s ]
INFO: Run Behavior\ParseTemplateBehavior [ RunTime:0.110910s ]
INFO: [ view_parse ] --END-- [ RunTime:0.110999s ]
INFO: [ view_filter ] --START--
INFO: Run Behavior\WriteHtmlCacheBehavior [ RunTime:0.016166s ]
INFO: [ view_filter ] --END-- [ RunTime:0.016311s ]
INFO: [ app_end ] --START--
INFO: Run Behavior\ShowPageTraceBehavior [ RunTime:0.017620s ]
INFO: [ app_end ] --END-- [ RunTime:0.017698s ]

[ 2016-01-06T12:56:10+08:00 ] 127.0.0.1 /index.php/Home/Public/verify
INFO: [ app_init ] --START--
INFO: Run Behavior\BuildLiteBehavior [ RunTime:0.000027s ]
INFO: [ app_init ] --END-- [ RunTime:0.000875s ]
INFO: [ app_begin ] --START--
INFO: Run Behavior\ReadHtmlCacheBehavior [ RunTime:0.001491s ]
INFO: [ app_begin ] --END-- [ RunTime:0.001575s ]
INFO: [ app_end ] --START--
INFO: Run Behavior\ShowPageTraceBehavior [ RunTime:0.001995s ]
INFO: [ app_end ] --END-- [ RunTime:0.002116s ]

[ 2016-01-06T16:15:39+08:00 ] 127.0.0.1 /
INFO: [ app_init ] --START--
INFO: Run Behavior\BuildLiteBehavior [ RunTime:0.000033s ]
INFO: [ app_init ] --END-- [ RunTime:0.001227s ]
INFO: [ app_begin ] --START--
INFO: Run Behavior\ReadHtmlCacheBehavior [ RunTime:0.004091s ]
INFO: [ app_begin ] --END-- [ RunTime:0.004259s ]
INFO: [ view_parse ] --START--
INFO: [ template_filter ] --START--
INFO: Run Behavior\ContentReplaceBehavior [ RunTime:0.000082s ]
INFO: [ template_filter ] --END-- [ RunTime:0.000170s ]
INFO: Run Behavior\ParseTemplateBehavior [ RunTime:0.022480s ]
INFO: [ view_parse ] --END-- [ RunTime:0.022604s ]
INFO: [ view_filter ] --START--
INFO: Run Behavior\WriteHtmlCacheBehavior [ RunTime:0.003257s ]
INFO: [ view_filter ] --END-- [ RunTime:0.003340s ]
INFO: [ app_end ] --START--
INFO: Run Behavior\ShowPageTraceBehavior [ RunTime:0.002681s ]
INFO: [ app_end ] --END-- [ RunTime:0.002751s ]

[ 2016-01-06T16:15:40+08:00 ] 127.0.0.1 /index.php/Home/Public/verify
INFO: [ app_init ] --START--
INFO: Run Behavior\BuildLiteBehavior [ RunTime:0.000025s ]
INFO: [ app_init ] --END-- [ RunTime:0.000885s ]
INFO: [ app_begin ] --START--
INFO: Run Behavior\ReadHtmlCacheBehavior [ RunTime:0.001984s ]
INFO: [ app_begin ] --END-- [ RunTime:0.002107s ]
INFO: [ app_end ] --START--
INFO: Run Behavior\ShowPageTraceBehavior [ RunTime:0.001847s ]
INFO: [ app_end ] --END-- [ RunTime:0.001947s ]

[ 2016-01-06T16:15:49+08:00 ] 127.0.0.1 /index.php/Home/Public/checklogin
INFO: [ app_init ] --START--
INFO: Run Behavior\BuildLiteBehavior [ RunTime:0.000019s ]
INFO: [ app_init ] --END-- [ RunTime:0.000590s ]
INFO: [ app_begin ] --START--
INFO: Run Behavior\ReadHtmlCacheBehavior [ RunTime:0.001268s ]
INFO: [ app_begin ] --END-- [ RunTime:0.001339s ]
SQL: SHOW COLUMNS FROM `tp_admin` [ RunTime:0.0115s ]
SQL: SELECT * FROM `tp_admin` WHERE `username` = 'admin' AND `password` = 'e10adc3949ba59abbe56e057f20f883e' LIMIT 1   [ RunTime:0.0005s ]
SQL: UPDATE `tp_admin` SET `username`='admin',`password`='e10adc3949ba59abbe56e057f20f883e',`loginip`='127.0.0.1',`addtime`='1451585930',`edittime`='1451783836' WHERE `id` = 3 [ RunTime:0.1901s ]
INFO: [ view_parse ] --START--
INFO: [ template_filter ] --START--
INFO: Run Behavior\ContentReplaceBehavior [ RunTime:0.000047s ]
INFO: [ template_filter ] --END-- [ RunTime:0.000131s ]
INFO: Run Behavior\ParseTemplateBehavior [ RunTime:0.045270s ]
INFO: [ view_parse ] --END-- [ RunTime:0.045375s ]
INFO: [ view_filter ] --START--
INFO: Run Behavior\WriteHtmlCacheBehavior [ RunTime:0.001361s ]
INFO: [ view_filter ] --END-- [ RunTime:0.001436s ]
INFO: [ app_end ] --START--
INFO: Run Behavior\ShowPageTraceBehavior [ RunTime:0.001321s ]
INFO: [ app_end ] --END-- [ RunTime:0.001379s ]

[ 2016-01-06T16:15:51+08:00 ] 127.0.0.1 /index.php/Home/Index/index
INFO: [ app_init ] --START--
INFO: Run Behavior\BuildLiteBehavior [ RunTime:0.000029s ]
INFO: [ app_init ] --END-- [ RunTime:0.000659s ]
INFO: [ app_begin ] --START--
INFO: Run Behavior\ReadHtmlCacheBehavior [ RunTime:0.001320s ]
INFO: [ app_begin ] --END-- [ RunTime:0.001397s ]
INFO: [ view_parse ] --START--
INFO: [ template_filter ] --START--
INFO: Run Behavior\ContentReplaceBehavior [ RunTime:0.000116s ]
INFO: [ template_filter ] --END-- [ RunTime:0.000238s ]
INFO: Run Behavior\ParseTemplateBehavior [ RunTime:0.075234s ]
INFO: [ view_parse ] --END-- [ RunTime:0.075358s ]
INFO: [ view_filter ] --START--
INFO: Run Behavior\WriteHtmlCacheBehavior [ RunTime:0.001293s ]
INFO: [ view_filter ] --END-- [ RunTime:0.001375s ]
INFO: [ app_end ] --START--
INFO: Run Behavior\ShowPageTraceBehavior [ RunTime:0.001803s ]
INFO: [ app_end ] --END-- [ RunTime:0.001888s ]

[ 2016-01-06T16:15:51+08:00 ] 127.0.0.1 /index.php/Home/Index/right.html
INFO: [ app_init ] --START--
INFO: Run Behavior\BuildLiteBehavior [ RunTime:0.000031s ]
INFO: [ app_init ] --END-- [ RunTime:0.001029s ]
INFO: [ app_begin ] --START--
INFO: Run Behavior\ReadHtmlCacheBehavior [ RunTime:0.002047s ]
INFO: [ app_begin ] --END-- [ RunTime:0.002171s ]
INFO: [ view_parse ] --START--
INFO: [ template_filter ] --START--
INFO: Run Behavior\ContentReplaceBehavior [ RunTime:0.000059s ]
INFO: [ template_filter ] --END-- [ RunTime:0.000143s ]
INFO: Run Behavior\ParseTemplateBehavior [ RunTime:0.040454s ]
INFO: [ view_parse ] --END-- [ RunTime:0.040557s ]
INFO: [ view_filter ] --START--
INFO: Run Behavior\WriteHtmlCacheBehavior [ RunTime:0.000981s ]
INFO: [ view_filter ] --END-- [ RunTime:0.001037s ]
INFO: [ app_end ] --START--
INFO: Run Behavior\ShowPageTraceBehavior [ RunTime:0.001687s ]
INFO: [ app_end ] --END-- [ RunTime:0.001753s ]

[ 2016-01-06T16:15:51+08:00 ] 127.0.0.1 /index.php/Home/Index/top.html
INFO: [ app_init ] --START--
INFO: Run Behavior\BuildLiteBehavior [ RunTime:0.000030s ]
INFO: [ app_init ] --END-- [ RunTime:0.001217s ]
INFO: [ app_begin ] --START--
INFO: Run Behavior\ReadHtmlCacheBehavior [ RunTime:0.002242s ]
INFO: [ app_begin ] --END-- [ RunTime:0.002359s ]
INFO: [ view_parse ] --START--
INFO: [ template_filter ] --START--
INFO: Run Behavior\ContentReplaceBehavior [ RunTime:0.000094s ]
INFO: [ template_filter ] --END-- [ RunTime:0.000205s ]
INFO: Run Behavior\ParseTemplateBehavior [ RunTime:0.036221s ]
INFO: [ view_parse ] --END-- [ RunTime:0.036327s ]
INFO: [ view_filter ] --START--
INFO: Run Behavior\WriteHtmlCacheBehavior [ RunTime:0.000964s ]
INFO: [ view_filter ] --END-- [ RunTime:0.001019s ]
INFO: [ app_end ] --START--
INFO: Run Behavior\ShowPageTraceBehavior [ RunTime:0.001291s ]
INFO: [ app_end ] --END-- [ RunTime:0.001350s ]

[ 2016-01-06T16:15:51+08:00 ] 127.0.0.1 /index.php/Home/Index/left.html
INFO: [ app_init ] --START--
INFO: Run Behavior\BuildLiteBehavior [ RunTime:0.000028s ]
INFO: [ app_init ] --END-- [ RunTime:0.000964s ]
INFO: [ app_begin ] --START--
INFO: Run Behavior\ReadHtmlCacheBehavior [ RunTime:0.001954s ]
INFO: [ app_begin ] --END-- [ RunTime:0.002069s ]
INFO: [ view_parse ] --START--
INFO: [ template_filter ] --START--
INFO: Run Behavior\ContentReplaceBehavior [ RunTime:0.000154s ]
INFO: [ template_filter ] --END-- [ RunTime:0.000296s ]
INFO: Run Behavior\ParseTemplateBehavior [ RunTime:0.074024s ]
INFO: [ view_parse ] --END-- [ RunTime:0.074143s ]
INFO: [ view_filter ] --START--
INFO: Run Behavior\WriteHtmlCacheBehavior [ RunTime:0.001597s ]
INFO: [ view_filter ] --END-- [ RunTime:0.001709s ]
INFO: [ app_end ] --START--
INFO: Run Behavior\ShowPageTraceBehavior [ RunTime:0.002258s ]
INFO: [ app_end ] --END-- [ RunTime:0.002677s ]

[ 2016-01-06T16:15:51+08:00 ] 127.0.0.1 /index.php/Home/Index/UntitledFrame-1
INFO: [ app_init ] --START--
INFO: Run Behavior\BuildLiteBehavior [ RunTime:0.000028s ]
INFO: [ app_init ] --END-- [ RunTime:0.001000s ]
INFO: [ app_begin ] --START--
INFO: Run Behavior\ReadHtmlCacheBehavior [ RunTime:0.001978s ]
INFO: [ app_begin ] --END-- [ RunTime:0.002081s ]
INFO: [ view_parse ] --START--
INFO: [ template_filter ] --START--
INFO: Run Behavior\ContentReplaceBehavior [ RunTime:0.000053s ]
INFO: [ template_filter ] --END-- [ RunTime:0.000126s ]
INFO: Run Behavior\ParseTemplateBehavior [ RunTime:0.037994s ]
INFO: [ view_parse ] --END-- [ RunTime:0.038129s ]
INFO: [ view_filter ] --START--
INFO: Run Behavior\WriteHtmlCacheBehavior [ RunTime:0.001638s ]
INFO: [ view_filter ] --END-- [ RunTime:0.001747s ]
INFO: [ app_end ] --START--
INFO: Run Behavior\ShowPageTraceBehavior [ RunTime:0.002424s ]
INFO: [ app_end ] --END-- [ RunTime:0.002533s ]

[ 2016-01-06T16:15:55+08:00 ] 127.0.0.1 /index.php/Home/Subject/add.html
INFO: [ app_init ] --START--
INFO: Run Behavior\BuildLiteBehavior [ RunTime:0.000028s ]
INFO: [ app_init ] --END-- [ RunTime:0.000895s ]
INFO: [ app_begin ] --START--
INFO: Run Behavior\ReadHtmlCacheBehavior [ RunTime:0.004082s ]
INFO: [ app_begin ] --END-- [ RunTime:0.004205s ]
INFO: [ view_parse ] --START--
INFO: [ template_filter ] --START--
INFO: Run Behavior\ContentReplaceBehavior [ RunTime:0.000076s ]
INFO: [ template_filter ] --END-- [ RunTime:0.000194s ]
INFO: Run Behavior\ParseTemplateBehavior [ RunTime:0.045078s ]
INFO: [ view_parse ] --END-- [ RunTime:0.045206s ]
INFO: [ view_filter ] --START--
INFO: Run Behavior\WriteHtmlCacheBehavior [ RunTime:0.000998s ]
INFO: [ view_filter ] --END-- [ RunTime:0.001067s ]
INFO: [ app_end ] --START--
INFO: Run Behavior\ShowPageTraceBehavior [ RunTime:0.001312s ]
INFO: [ app_end ] --END-- [ RunTime:0.001379s ]

[ 2016-01-06T17:45:16+08:00 ] 127.0.0.1 /index.php/Home/Student/index.html
INFO: [ app_init ] --START--
INFO: Run Behavior\BuildLiteBehavior [ RunTime:0.000024s ]
INFO: [ app_init ] --END-- [ RunTime:0.001914s ]
INFO: [ app_begin ] --START--
INFO: Run Behavior\ReadHtmlCacheBehavior [ RunTime:0.003089s ]
INFO: [ app_begin ] --END-- [ RunTime:0.003185s ]
SQL: SELECT COUNT(*) AS tp_count FROM `tp_student` LIMIT 1   [ RunTime:0.0006s ]
SQL: SELECT t1.*,t2.title FROM `tp_student` t1 left join tp_subject t2 on t1.subject=t2.id  LIMIT 0,3   [ RunTime:0.0005s ]
INFO: [ view_parse ] --START--
INFO: [ template_filter ] --START--
INFO: Run Behavior\ContentReplaceBehavior [ RunTime:0.000059s ]
INFO: [ template_filter ] --END-- [ RunTime:0.000137s ]
INFO: Run Behavior\ParseTemplateBehavior [ RunTime:0.048481s ]
INFO: [ view_parse ] --END-- [ RunTime:0.048570s ]
INFO: [ view_filter ] --START--
INFO: Run Behavior\WriteHtmlCacheBehavior [ RunTime:0.000940s ]
INFO: [ view_filter ] --END-- [ RunTime:0.000992s ]
SQL: SHOW COLUMNS FROM `tp_student` [ RunTime:0.0120s ]
SQL: SELECT t1.*,t2.title FROM tp_student t1,tp_subject t2 WHERE ( t1.subject=t2.id )  [ RunTime:0.0004s ]
SQL: SELECT t1.*,t2.title FROM `tp_student` t1 left join tp_subject t2 on t1.subject=t2.id   [ RunTime:0.0003s ]
INFO: [ app_end ] --START--
INFO: Run Behavior\ShowPageTraceBehavior [ RunTime:0.002230s ]
INFO: [ app_end ] --END-- [ RunTime:0.002317s ]

[ 2016-01-06T17:45:19+08:00 ] 127.0.0.1 /index.php/Home/Student/add.html
INFO: [ app_init ] --START--
INFO: Run Behavior\BuildLiteBehavior [ RunTime:0.000020s ]
INFO: [ app_init ] --END-- [ RunTime:0.000658s ]
INFO: [ app_begin ] --START--
INFO: Run Behavior\ReadHtmlCacheBehavior [ RunTime:0.001940s ]
INFO: [ app_begin ] --END-- [ RunTime:0.002027s ]
SQL: SELECT * FROM `tp_subject`  [ RunTime:0.0011s ]
INFO: [ view_parse ] --START--
INFO: [ template_filter ] --START--
INFO: Run Behavior\ContentReplaceBehavior [ RunTime:0.000061s ]
INFO: [ template_filter ] --END-- [ RunTime:0.000133s ]
INFO: Run Behavior\ParseTemplateBehavior [ RunTime:0.035381s ]
INFO: [ view_parse ] --END-- [ RunTime:0.035756s ]
INFO: [ view_filter ] --START--
INFO: Run Behavior\WriteHtmlCacheBehavior [ RunTime:0.001348s ]
INFO: [ view_filter ] --END-- [ RunTime:0.001425s ]
INFO: [ app_end ] --START--
INFO: Run Behavior\ShowPageTraceBehavior [ RunTime:0.001542s ]
INFO: [ app_end ] --END-- [ RunTime:0.001611s ]

[ 2016-01-06T17:45:22+08:00 ] 127.0.0.1 /index.php/Home/Kaoqin/tongji.html
INFO: [ app_init ] --START--
INFO: Run Behavior\BuildLiteBehavior [ RunTime:0.000022s ]
INFO: [ app_init ] --END-- [ RunTime:0.000736s ]
INFO: [ app_begin ] --START--
INFO: Run Behavior\ReadHtmlCacheBehavior [ RunTime:0.001353s ]
INFO: [ app_begin ] --END-- [ RunTime:0.001440s ]
SQL: SHOW COLUMNS FROM `tp_subject` [ RunTime:0.0099s ]
SQL: SELECT * FROM `tp_subject`  [ RunTime:0.0003s ]
INFO: [ view_parse ] --START--
INFO: [ template_filter ] --START--
INFO: Run Behavior\ContentReplaceBehavior [ RunTime:0.000056s ]
INFO: [ template_filter ] --END-- [ RunTime:0.000125s ]
INFO: Run Behavior\ParseTemplateBehavior [ RunTime:0.029517s ]
INFO: [ view_parse ] --END-- [ RunTime:0.029668s ]
INFO: [ view_filter ] --START--
INFO: Run Behavior\WriteHtmlCacheBehavior [ RunTime:0.001488s ]
INFO: [ view_filter ] --END-- [ RunTime:0.001584s ]
INFO: [ app_end ] --START--
INFO: Run Behavior\ShowPageTraceBehavior [ RunTime:0.001888s ]
INFO: [ app_end ] --END-- [ RunTime:0.001982s ]

[ 2016-01-06T17:45:28+08:00 ] 127.0.0.1 /index.php/Home/Kaoqin/charts
INFO: [ app_init ] --START--
INFO: Run Behavior\BuildLiteBehavior [ RunTime:0.000018s ]
INFO: [ app_init ] --END-- [ RunTime:0.000655s ]
INFO: [ app_begin ] --START--
INFO: Run Behavior\ReadHtmlCacheBehavior [ RunTime:0.001489s ]
INFO: [ app_begin ] --END-- [ RunTime:0.001571s ]
SQL: select truename,count(*) as count from tp_kaoqin where subject='4' and substr(addtime,1,7)='2016-01' group by truename; [ RunTime:0.0004s ]
INFO: [ view_parse ] --START--
INFO: [ template_filter ] --START--
INFO: Run Behavior\ContentReplaceBehavior [ RunTime:0.000045s ]
INFO: [ template_filter ] --END-- [ RunTime:0.000110s ]
INFO: Run Behavior\ParseTemplateBehavior [ RunTime:0.029554s ]
INFO: [ view_parse ] --END-- [ RunTime:0.029655s ]
INFO: [ view_filter ] --START--
INFO: Run Behavior\WriteHtmlCacheBehavior [ RunTime:0.001005s ]
INFO: [ view_filter ] --END-- [ RunTime:0.001062s ]
INFO: [ app_end ] --START--
INFO: Run Behavior\ShowPageTraceBehavior [ RunTime:0.001739s ]
INFO: [ app_end ] --END-- [ RunTime:0.001821s ]

[ 2016-01-06T19:11:03+08:00 ] 127.0.0.1 /
INFO: [ app_init ] --START--
INFO: Run Behavior\BuildLiteBehavior [ RunTime:0.000023s ]
INFO: [ app_init ] --END-- [ RunTime:0.002207s ]
INFO: [ app_begin ] --START--
INFO: Run Behavior\ReadHtmlCacheBehavior [ RunTime:0.002581s ]
INFO: [ app_begin ] --END-- [ RunTime:0.002659s ]
INFO: [ view_parse ] --START--
INFO: [ template_filter ] --START--
INFO: Run Behavior\ContentReplaceBehavior [ RunTime:0.000070s ]
INFO: [ template_filter ] --END-- [ RunTime:0.000139s ]
INFO: Run Behavior\ParseTemplateBehavior [ RunTime:0.019311s ]
INFO: [ view_parse ] --END-- [ RunTime:0.019446s ]
INFO: [ view_filter ] --START--
INFO: Run Behavior\WriteHtmlCacheBehavior [ RunTime:0.002298s ]
INFO: [ view_filter ] --END-- [ RunTime:0.002373s ]
INFO: [ app_end ] --START--
INFO: Run Behavior\ShowPageTraceBehavior [ RunTime:0.002861s ]
INFO: [ app_end ] --END-- [ RunTime:0.002933s ]

[ 2016-01-06T19:11:03+08:00 ] 127.0.0.1 /index.php/Home/Public/verify
INFO: [ app_init ] --START--
INFO: Run Behavior\BuildLiteBehavior [ RunTime:0.000023s ]
INFO: [ app_init ] --END-- [ RunTime:0.001291s ]
INFO: [ app_begin ] --START--
INFO: Run Behavior\ReadHtmlCacheBehavior [ RunTime:0.001305s ]
INFO: [ app_begin ] --END-- [ RunTime:0.001374s ]
INFO: [ app_end ] --START--
INFO: Run Behavior\ShowPageTraceBehavior [ RunTime:0.001467s ]
INFO: [ app_end ] --END-- [ RunTime:0.001583s ]

[ 2016-01-06T19:22:59+08:00 ] 127.0.0.1 /index.php/
INFO: [ app_init ] --START--
INFO: Run Behavior\BuildLiteBehavior [ RunTime:0.000023s ]
INFO: [ app_init ] --END-- [ RunTime:0.000751s ]
INFO: [ app_begin ] --START--
INFO: Run Behavior\ReadHtmlCacheBehavior [ RunTime:0.001445s ]
INFO: [ app_begin ] --END-- [ RunTime:0.001544s ]
INFO: [ view_parse ] --START--
INFO: [ template_filter ] --START--
INFO: Run Behavior\ContentReplaceBehavior [ RunTime:0.000085s ]
INFO: [ template_filter ] --END-- [ RunTime:0.000169s ]
INFO: Run Behavior\ParseTemplateBehavior [ RunTime:0.015765s ]
INFO: [ view_parse ] --END-- [ RunTime:0.015861s ]
INFO: [ view_filter ] --START--
INFO: Run Behavior\WriteHtmlCacheBehavior [ RunTime:0.000927s ]
INFO: [ view_filter ] --END-- [ RunTime:0.000988s ]
INFO: [ app_end ] --START--
INFO: Run Behavior\ShowPageTraceBehavior [ RunTime:0.001323s ]
INFO: [ app_end ] --END-- [ RunTime:0.001388s ]

[ 2016-01-06T19:22:59+08:00 ] 127.0.0.1 /index.php/Home/Public/verify
INFO: [ app_init ] --START--
INFO: Run Behavior\BuildLiteBehavior [ RunTime:0.000034s ]
INFO: [ app_init ] --END-- [ RunTime:0.001423s ]
INFO: [ app_begin ] --START--
INFO: Run Behavior\ReadHtmlCacheBehavior [ RunTime:0.001230s ]
INFO: [ app_begin ] --END-- [ RunTime:0.001314s ]
INFO: [ app_end ] --START--
INFO: Run Behavior\ShowPageTraceBehavior [ RunTime:0.002070s ]
INFO: [ app_end ] --END-- [ RunTime:0.002187s ]

[ 2016-01-06T19:30:09+08:00 ] 127.0.0.1 /index.php/Home
INFO: [ app_init ] --START--
INFO: Run Behavior\BuildLiteBehavior [ RunTime:0.000023s ]
INFO: [ app_init ] --END-- [ RunTime:0.000979s ]
INFO: [ app_begin ] --START--
INFO: Run Behavior\ReadHtmlCacheBehavior [ RunTime:0.002998s ]
INFO: [ app_begin ] --END-- [ RunTime:0.003105s ]
INFO: [ view_parse ] --START--
INFO: [ template_filter ] --START--
INFO: Run Behavior\ContentReplaceBehavior [ RunTime:0.000071s ]
INFO: [ template_filter ] --END-- [ RunTime:0.000146s ]
INFO: Run Behavior\ParseTemplateBehavior [ RunTime:0.018198s ]
INFO: [ view_parse ] --END-- [ RunTime:0.018328s ]
INFO: [ view_filter ] --START--
INFO: Run Behavior\WriteHtmlCacheBehavior [ RunTime:0.001253s ]
INFO: [ view_filter ] --END-- [ RunTime:0.001336s ]
INFO: [ app_end ] --START--
INFO: Run Behavior\ShowPageTraceBehavior [ RunTime:0.001337s ]
INFO: [ app_end ] --END-- [ RunTime:0.001404s ]

[ 2016-01-06T19:30:09+08:00 ] 127.0.0.1 /index.php/Home/Public/verify
INFO: [ app_init ] --START--
INFO: Run Behavior\BuildLiteBehavior [ RunTime:0.000021s ]
INFO: [ app_init ] --END-- [ RunTime:0.000670s ]
INFO: [ app_begin ] --START--
INFO: Run Behavior\ReadHtmlCacheBehavior [ RunTime:0.002393s ]
INFO: [ app_begin ] --END-- [ RunTime:0.002529s ]
INFO: [ app_end ] --START--
INFO: Run Behavior\ShowPageTraceBehavior [ RunTime:0.002147s ]
INFO: [ app_end ] --END-- [ RunTime:0.002275s ]

