[ 2016-01-02T00:09:21+08:00 ] 127.0.0.1 /index.php/DiaoCha/Index/index
INFO: [ app_init ] --START--
INFO: Run Behavior\BuildLiteBehavior [ RunTime:0.000026s ]
INFO: [ app_init ] --END-- [ RunTime:0.000923s ]
INFO: [ app_begin ] --START--
INFO: Run Behavior\ReadHtmlCacheBehavior [ RunTime:0.005449s ]
INFO: [ app_begin ] --END-- [ RunTime:0.005616s ]
INFO: [ view_parse ] --START--
INFO: [ template_filter ] --START--
INFO: Run Behavior\ContentReplaceBehavior [ RunTime:0.000081s ]
INFO: [ template_filter ] --END-- [ RunTime:0.000179s ]
INFO: Run Behavior\ParseTemplateBehavior [ RunTime:0.070093s ]
INFO: [ view_parse ] --END-- [ RunTime:0.070179s ]
INFO: [ view_filter ] --START--
INFO: Run Behavior\WriteHtmlCacheBehavior [ RunTime:0.000564s ]
INFO: [ view_filter ] --END-- [ RunTime:0.000614s ]
INFO: [ app_end ] --START--
INFO: Run Behavior\ShowPageTraceBehavior [ RunTime:0.001049s ]
INFO: [ app_end ] --END-- [ RunTime:0.001104s ]

[ 2016-01-02T00:09:21+08:00 ] 127.0.0.1 /index.php/DiaoCha/Index/js/jquery.js
INFO: [ app_init ] --START--
INFO: Run Behavior\BuildLiteBehavior [ RunTime:0.000035s ]
INFO: [ app_init ] --END-- [ RunTime:0.000896s ]
INFO: [ app_begin ] --START--
INFO: Run Behavior\ReadHtmlCacheBehavior [ RunTime:0.001259s ]
INFO: [ app_begin ] --END-- [ RunTime:0.001362s ]
ERR: 非法操作:js

[ 2016-01-02T00:09:21+08:00 ] 127.0.0.1 /index.php/DiaoCha/Index/css/common_style_blue.css
INFO: [ app_init ] --START--
INFO: Run Behavior\BuildLiteBehavior [ RunTime:0.000019s ]
INFO: [ app_init ] --END-- [ RunTime:0.000599s ]
INFO: [ app_begin ] --START--
INFO: Run Behavior\ReadHtmlCacheBehavior [ RunTime:0.001126s ]
INFO: [ app_begin ] --END-- [ RunTime:0.001191s ]
ERR: 非法操作:css

[ 2016-01-02T00:09:21+08:00 ] 127.0.0.1 /index.php/DiaoCha/Index/js/page_common.js
INFO: [ app_init ] --START--
INFO: Run Behavior\BuildLiteBehavior [ RunTime:0.000045s ]
INFO: [ app_init ] --END-- [ RunTime:0.000906s ]
INFO: [ app_begin ] --START--
INFO: Run Behavior\ReadHtmlCacheBehavior [ RunTime:0.001060s ]
INFO: [ app_begin ] --END-- [ RunTime:0.001136s ]
ERR: 非法操作:js

[ 2016-01-02T00:09:21+08:00 ] 127.0.0.1 /index.php/DiaoCha/Index/images/title_arrow.gif
INFO: [ app_init ] --START--
INFO: Run Behavior\BuildLiteBehavior [ RunTime:0.000033s ]
INFO: [ app_init ] --END-- [ RunTime:0.000822s ]

[ 2016-01-02T00:09:21+08:00 ] 127.0.0.1 /index.php/DiaoCha/Index/js/page_common.js
INFO: [ app_init ] --START--
INFO: Run Behavior\BuildLiteBehavior [ RunTime:0.000018s ]
INFO: [ app_init ] --END-- [ RunTime:0.000509s ]
INFO: [ app_begin ] --START--
INFO: Run Behavior\ReadHtmlCacheBehavior [ RunTime:0.000710s ]
INFO: [ app_begin ] --END-- [ RunTime:0.000769s ]
ERR: 非法操作:js

[ 2016-01-02T00:09:22+08:00 ] 127.0.0.1 /index.php/DiaoCha/Index/css/common_style_blue.css
INFO: [ app_init ] --START--
INFO: Run Behavior\BuildLiteBehavior [ RunTime:0.000021s ]
INFO: [ app_init ] --END-- [ RunTime:0.000542s ]
INFO: [ app_begin ] --START--
INFO: Run Behavior\ReadHtmlCacheBehavior [ RunTime:0.000832s ]
INFO: [ app_begin ] --END-- [ RunTime:0.000908s ]
ERR: 非法操作:css

[ 2016-01-02T00:09:22+08:00 ] 127.0.0.1 /index.php/DiaoCha/Index/images/title_arrow.gif
INFO: [ app_init ] --START--
INFO: Run Behavior\BuildLiteBehavior [ RunTime:0.000029s ]
INFO: [ app_init ] --END-- [ RunTime:0.000808s ]

[ 2016-01-02T00:09:22+08:00 ] 127.0.0.1 /index.php/DiaoCha/Index/images/title_bg.gif
INFO: [ app_init ] --START--
INFO: Run Behavior\BuildLiteBehavior [ RunTime:0.000029s ]
INFO: [ app_init ] --END-- [ RunTime:0.000764s ]

[ 2016-01-02T00:09:22+08:00 ] 127.0.0.1 /index.php/DiaoCha/Index/images/title_bg_head.gif
INFO: [ app_init ] --START--
INFO: Run Behavior\BuildLiteBehavior [ RunTime:0.000029s ]
INFO: [ app_init ] --END-- [ RunTime:0.000750s ]

[ 2016-01-02T00:09:22+08:00 ] 127.0.0.1 /index.php/DiaoCha/Index/images/title_bg_end.gif
INFO: [ app_init ] --START--
INFO: Run Behavior\BuildLiteBehavior [ RunTime:0.000030s ]
INFO: [ app_init ] --END-- [ RunTime:0.000933s ]

[ 2016-01-02T00:09:22+08:00 ] 127.0.0.1 /index.php/DiaoCha/Index/images/button_bg.png
INFO: [ app_init ] --START--
INFO: Run Behavior\BuildLiteBehavior [ RunTime:0.000033s ]
INFO: [ app_init ] --END-- [ RunTime:0.001004s ]

[ 2016-01-02T00:12:55+08:00 ] 127.0.0.1 /index.php/DiaoCha/Index/index
INFO: [ app_init ] --START--
INFO: Run Behavior\BuildLiteBehavior [ RunTime:0.000020s ]
INFO: [ app_init ] --END-- [ RunTime:0.000630s ]
INFO: [ app_begin ] --START--
INFO: Run Behavior\ReadHtmlCacheBehavior [ RunTime:0.001768s ]
INFO: [ app_begin ] --END-- [ RunTime:0.001862s ]
INFO: [ view_parse ] --START--
INFO: [ template_filter ] --START--
INFO: Run Behavior\ContentReplaceBehavior [ RunTime:0.000081s ]
INFO: [ template_filter ] --END-- [ RunTime:0.000151s ]
INFO: Run Behavior\ParseTemplateBehavior [ RunTime:0.015032s ]
INFO: [ view_parse ] --END-- [ RunTime:0.015126s ]
INFO: [ view_filter ] --START--
INFO: Run Behavior\WriteHtmlCacheBehavior [ RunTime:0.000558s ]
INFO: [ view_filter ] --END-- [ RunTime:0.000610s ]
INFO: [ app_end ] --START--
INFO: Run Behavior\ShowPageTraceBehavior [ RunTime:0.000900s ]
INFO: [ app_end ] --END-- [ RunTime:0.000952s ]

[ 2016-01-02T00:13:03+08:00 ] 127.0.0.1 /index.php/DiaoCha/Index/index
INFO: [ app_init ] --START--
INFO: Run Behavior\BuildLiteBehavior [ RunTime:0.000019s ]
INFO: [ app_init ] --END-- [ RunTime:0.000550s ]
INFO: [ app_begin ] --START--
INFO: Run Behavior\ReadHtmlCacheBehavior [ RunTime:0.000734s ]
INFO: [ app_begin ] --END-- [ RunTime:0.000801s ]
INFO: [ view_parse ] --START--
INFO: [ template_filter ] --START--
INFO: Run Behavior\ContentReplaceBehavior [ RunTime:0.000079s ]
INFO: [ template_filter ] --END-- [ RunTime:0.000152s ]
INFO: Run Behavior\ParseTemplateBehavior [ RunTime:0.011840s ]
INFO: [ view_parse ] --END-- [ RunTime:0.011923s ]
INFO: [ view_filter ] --START--
INFO: Run Behavior\WriteHtmlCacheBehavior [ RunTime:0.000446s ]
INFO: [ view_filter ] --END-- [ RunTime:0.000509s ]
INFO: [ app_end ] --START--
INFO: Run Behavior\ShowPageTraceBehavior [ RunTime:0.000702s ]
INFO: [ app_end ] --END-- [ RunTime:0.000754s ]

[ 2016-01-02T00:13:41+08:00 ] 127.0.0.1 /index.php/DiaoCha/Index/index
INFO: [ app_init ] --START--
INFO: Run Behavior\BuildLiteBehavior [ RunTime:0.000018s ]
INFO: [ app_init ] --END-- [ RunTime:0.000606s ]
INFO: [ app_begin ] --START--
INFO: Run Behavior\ReadHtmlCacheBehavior [ RunTime:0.001150s ]
INFO: [ app_begin ] --END-- [ RunTime:0.001238s ]
INFO: [ view_parse ] --START--
INFO: [ template_filter ] --START--
INFO: Run Behavior\ContentReplaceBehavior [ RunTime:0.000080s ]
INFO: [ template_filter ] --END-- [ RunTime:0.000154s ]
INFO: Run Behavior\ParseTemplateBehavior [ RunTime:0.013661s ]
INFO: [ view_parse ] --END-- [ RunTime:0.013766s ]
INFO: [ view_filter ] --START--
INFO: Run Behavior\WriteHtmlCacheBehavior [ RunTime:0.000722s ]
INFO: [ view_filter ] --END-- [ RunTime:0.000777s ]
INFO: [ app_end ] --START--
INFO: Run Behavior\ShowPageTraceBehavior [ RunTime:0.001125s ]
INFO: [ app_end ] --END-- [ RunTime:0.001193s ]

[ 2016-01-02T00:17:50+08:00 ] 127.0.0.1 /index.php/DiaoCha/Index/index
INFO: [ app_init ] --START--
INFO: Run Behavior\BuildLiteBehavior [ RunTime:0.000029s ]
INFO: [ app_init ] --END-- [ RunTime:0.000634s ]
INFO: [ app_begin ] --START--
INFO: Run Behavior\ReadHtmlCacheBehavior [ RunTime:0.001272s ]
INFO: [ app_begin ] --END-- [ RunTime:0.001396s ]
INFO: [ view_parse ] --START--
INFO: [ template_filter ] --START--
INFO: Run Behavior\ContentReplaceBehavior [ RunTime:0.000079s ]
INFO: [ template_filter ] --END-- [ RunTime:0.000145s ]
INFO: Run Behavior\ParseTemplateBehavior [ RunTime:0.012771s ]
INFO: [ view_parse ] --END-- [ RunTime:0.012851s ]
INFO: [ view_filter ] --START--
INFO: Run Behavior\WriteHtmlCacheBehavior [ RunTime:0.000834s ]
INFO: [ view_filter ] --END-- [ RunTime:0.000899s ]
INFO: [ app_end ] --START--
INFO: Run Behavior\ShowPageTraceBehavior [ RunTime:0.001144s ]
INFO: [ app_end ] --END-- [ RunTime:0.001202s ]

[ 2016-01-02T00:17:55+08:00 ] 127.0.0.1 /index.php/DiaoCha/Index/index
INFO: [ app_init ] --START--
INFO: Run Behavior\BuildLiteBehavior [ RunTime:0.000018s ]
INFO: [ app_init ] --END-- [ RunTime:0.000530s ]
INFO: [ app_begin ] --START--
INFO: Run Behavior\ReadHtmlCacheBehavior [ RunTime:0.001020s ]
INFO: [ app_begin ] --END-- [ RunTime:0.001082s ]
INFO: [ view_parse ] --START--
INFO: [ template_filter ] --START--
INFO: Run Behavior\ContentReplaceBehavior [ RunTime:0.000080s ]
INFO: [ template_filter ] --END-- [ RunTime:0.000150s ]
INFO: Run Behavior\ParseTemplateBehavior [ RunTime:0.012709s ]
INFO: [ view_parse ] --END-- [ RunTime:0.012787s ]
INFO: [ view_filter ] --START--
INFO: Run Behavior\WriteHtmlCacheBehavior [ RunTime:0.000701s ]
INFO: [ view_filter ] --END-- [ RunTime:0.000752s ]
INFO: [ app_end ] --START--
INFO: Run Behavior\ShowPageTraceBehavior [ RunTime:0.001052s ]
INFO: [ app_end ] --END-- [ RunTime:0.001107s ]

[ 2016-01-02T00:17:56+08:00 ] 127.0.0.1 /index.php/DiaoCha/Index/index
INFO: [ app_init ] --START--
INFO: Run Behavior\BuildLiteBehavior [ RunTime:0.000021s ]
INFO: [ app_init ] --END-- [ RunTime:0.000563s ]
INFO: [ app_begin ] --START--
INFO: Run Behavior\ReadHtmlCacheBehavior [ RunTime:0.001094s ]
INFO: [ app_begin ] --END-- [ RunTime:0.001165s ]
INFO: [ view_parse ] --START--
INFO: [ template_filter ] --START--
INFO: Run Behavior\ContentReplaceBehavior [ RunTime:0.000085s ]
INFO: [ template_filter ] --END-- [ RunTime:0.000168s ]
INFO: Run Behavior\ParseTemplateBehavior [ RunTime:0.012569s ]
INFO: [ view_parse ] --END-- [ RunTime:0.012651s ]
INFO: [ view_filter ] --START--
INFO: Run Behavior\WriteHtmlCacheBehavior [ RunTime:0.000718s ]
INFO: [ view_filter ] --END-- [ RunTime:0.000772s ]
INFO: [ app_end ] --START--
INFO: Run Behavior\ShowPageTraceBehavior [ RunTime:0.001035s ]
INFO: [ app_end ] --END-- [ RunTime:0.001086s ]

[ 2016-01-02T00:18:05+08:00 ] 127.0.0.1 /index.php/DiaoCha/Index/index
INFO: [ app_init ] --START--
INFO: Run Behavior\BuildLiteBehavior [ RunTime:0.000018s ]
INFO: [ app_init ] --END-- [ RunTime:0.000502s ]
INFO: [ app_begin ] --START--
INFO: Run Behavior\ReadHtmlCacheBehavior [ RunTime:0.001015s ]
INFO: [ app_begin ] --END-- [ RunTime:0.001078s ]
INFO: [ view_parse ] --START--
INFO: [ template_filter ] --START--
INFO: Run Behavior\ContentReplaceBehavior [ RunTime:0.000078s ]
INFO: [ template_filter ] --END-- [ RunTime:0.000151s ]
INFO: Run Behavior\ParseTemplateBehavior [ RunTime:0.013131s ]
INFO: [ view_parse ] --END-- [ RunTime:0.013215s ]
INFO: [ view_filter ] --START--
INFO: Run Behavior\WriteHtmlCacheBehavior [ RunTime:0.000706s ]
INFO: [ view_filter ] --END-- [ RunTime:0.000756s ]
INFO: [ app_end ] --START--
INFO: Run Behavior\ShowPageTraceBehavior [ RunTime:0.001037s ]
INFO: [ app_end ] --END-- [ RunTime:0.001091s ]

[ 2016-01-02T00:25:14+08:00 ] 127.0.0.1 /index.php/DiaoCha/Index/index
INFO: [ app_init ] --START--
INFO: Run Behavior\BuildLiteBehavior [ RunTime:0.000019s ]
INFO: [ app_init ] --END-- [ RunTime:0.000588s ]
INFO: [ app_begin ] --START--
INFO: Run Behavior\ReadHtmlCacheBehavior [ RunTime:0.000929s ]
INFO: [ app_begin ] --END-- [ RunTime:0.000991s ]
INFO: [ view_parse ] --START--
INFO: [ template_filter ] --START--
INFO: Run Behavior\ContentReplaceBehavior [ RunTime:0.000121s ]
INFO: [ template_filter ] --END-- [ RunTime:0.000191s ]

[ 2016-01-02T00:25:26+08:00 ] 127.0.0.1 /index.php/DiaoCha/Index/index
INFO: [ app_init ] --START--
INFO: Run Behavior\BuildLiteBehavior [ RunTime:0.000019s ]
INFO: [ app_init ] --END-- [ RunTime:0.000493s ]
INFO: [ app_begin ] --START--
INFO: Run Behavior\ReadHtmlCacheBehavior [ RunTime:0.000734s ]
INFO: [ app_begin ] --END-- [ RunTime:0.000798s ]
INFO: [ view_parse ] --START--
INFO: [ template_filter ] --START--
INFO: Run Behavior\ContentReplaceBehavior [ RunTime:0.000095s ]
INFO: [ template_filter ] --END-- [ RunTime:0.000174s ]
INFO: Run Behavior\ParseTemplateBehavior [ RunTime:0.012880s ]
INFO: [ view_parse ] --END-- [ RunTime:0.012957s ]
INFO: [ view_filter ] --START--
INFO: Run Behavior\WriteHtmlCacheBehavior [ RunTime:0.000849s ]
INFO: [ view_filter ] --END-- [ RunTime:0.000914s ]
INFO: [ app_end ] --START--
INFO: Run Behavior\ShowPageTraceBehavior [ RunTime:0.002266s ]
INFO: [ app_end ] --END-- [ RunTime:0.002350s ]

[ 2016-01-02T00:26:44+08:00 ] 127.0.0.1 /index.php/DiaoCha/
INFO: [ app_init ] --START--
INFO: Run Behavior\BuildLiteBehavior [ RunTime:0.000021s ]
INFO: [ app_init ] --END-- [ RunTime:0.000588s ]
INFO: [ app_begin ] --START--
INFO: Run Behavior\ReadHtmlCacheBehavior [ RunTime:0.001138s ]
INFO: [ app_begin ] --END-- [ RunTime:0.001244s ]
INFO: [ view_parse ] --START--
INFO: [ template_filter ] --START--
INFO: Run Behavior\ContentReplaceBehavior [ RunTime:0.000093s ]
INFO: [ template_filter ] --END-- [ RunTime:0.000167s ]
INFO: Run Behavior\ParseTemplateBehavior [ RunTime:0.014160s ]
INFO: [ view_parse ] --END-- [ RunTime:0.014261s ]
INFO: [ view_filter ] --START--
INFO: Run Behavior\WriteHtmlCacheBehavior [ RunTime:0.000614s ]
INFO: [ view_filter ] --END-- [ RunTime:0.000691s ]
INFO: [ app_end ] --START--
INFO: Run Behavior\ShowPageTraceBehavior [ RunTime:0.000776s ]
INFO: [ app_end ] --END-- [ RunTime:0.000835s ]

[ 2016-01-02T00:27:21+08:00 ] 127.0.0.1 /index.php/DiaoCha/Index/index
INFO: [ app_init ] --START--
INFO: Run Behavior\BuildLiteBehavior [ RunTime:0.000021s ]
INFO: [ app_init ] --END-- [ RunTime:0.000889s ]
INFO: [ app_begin ] --START--
INFO: Run Behavior\ReadHtmlCacheBehavior [ RunTime:0.001269s ]
INFO: [ app_begin ] --END-- [ RunTime:0.001444s ]
INFO: [ view_parse ] --START--
INFO: [ template_filter ] --START--
INFO: Run Behavior\ContentReplaceBehavior [ RunTime:0.000083s ]
INFO: [ template_filter ] --END-- [ RunTime:0.000171s ]
INFO: Run Behavior\ParseTemplateBehavior [ RunTime:0.016797s ]
INFO: [ view_parse ] --END-- [ RunTime:0.016923s ]
INFO: [ view_filter ] --START--
INFO: Run Behavior\WriteHtmlCacheBehavior [ RunTime:0.000516s ]
INFO: [ view_filter ] --END-- [ RunTime:0.000589s ]
INFO: [ app_end ] --START--
INFO: Run Behavior\ShowPageTraceBehavior [ RunTime:0.000770s ]
INFO: [ app_end ] --END-- [ RunTime:0.000829s ]

[ 2016-01-02T00:27:26+08:00 ] 127.0.0.1 /index.php/DiaoCha/Index/deal.html
INFO: [ app_init ] --START--
INFO: Run Behavior\BuildLiteBehavior [ RunTime:0.000020s ]
INFO: [ app_init ] --END-- [ RunTime:0.000550s ]
INFO: [ app_begin ] --START--
INFO: Run Behavior\ReadHtmlCacheBehavior [ RunTime:0.000727s ]
INFO: [ app_begin ] --END-- [ RunTime:0.000797s ]
INFO: [ app_end ] --START--
INFO: Run Behavior\ShowPageTraceBehavior [ RunTime:0.001255s ]
INFO: [ app_end ] --END-- [ RunTime:0.001379s ]

[ 2016-01-02T00:31:09+08:00 ] 127.0.0.1 /index.php/DiaoCha/Index/deal.html
INFO: [ app_init ] --START--
INFO: Run Behavior\BuildLiteBehavior [ RunTime:0.000020s ]
INFO: [ app_init ] --END-- [ RunTime:0.000668s ]
INFO: [ app_begin ] --START--
INFO: Run Behavior\ReadHtmlCacheBehavior [ RunTime:0.001411s ]
INFO: [ app_begin ] --END-- [ RunTime:0.001520s ]
SQL: SHOW COLUMNS FROM `tp_diaocha` [ RunTime:0.0088s ]
INFO: [ app_end ] --START--
INFO: Run Behavior\ShowPageTraceBehavior [ RunTime:0.001384s ]
INFO: [ app_end ] --END-- [ RunTime:0.001472s ]

[ 2016-01-02T00:31:14+08:00 ] 127.0.0.1 /index.php/DiaoCha/Index/index
INFO: [ app_init ] --START--
INFO: Run Behavior\BuildLiteBehavior [ RunTime:0.000018s ]
INFO: [ app_init ] --END-- [ RunTime:0.000496s ]
INFO: [ app_begin ] --START--
INFO: Run Behavior\ReadHtmlCacheBehavior [ RunTime:0.001035s ]
INFO: [ app_begin ] --END-- [ RunTime:0.001131s ]
INFO: [ view_parse ] --START--
INFO: [ template_filter ] --START--
INFO: Run Behavior\ContentReplaceBehavior [ RunTime:0.000082s ]
INFO: [ template_filter ] --END-- [ RunTime:0.000154s ]
INFO: Run Behavior\ParseTemplateBehavior [ RunTime:0.014080s ]
INFO: [ view_parse ] --END-- [ RunTime:0.014192s ]
INFO: [ view_filter ] --START--
INFO: Run Behavior\WriteHtmlCacheBehavior [ RunTime:0.000776s ]
INFO: [ view_filter ] --END-- [ RunTime:0.000848s ]
INFO: [ app_end ] --START--
INFO: Run Behavior\ShowPageTraceBehavior [ RunTime:0.000713s ]
INFO: [ app_end ] --END-- [ RunTime:0.000772s ]

[ 2016-01-02T00:35:08+08:00 ] 127.0.0.1 /index.php/DiaoCha/Index/index
INFO: [ app_init ] --START--
INFO: Run Behavior\BuildLiteBehavior [ RunTime:0.000033s ]
INFO: [ app_init ] --END-- [ RunTime:0.001161s ]
INFO: [ app_begin ] --START--
INFO: Run Behavior\ReadHtmlCacheBehavior [ RunTime:0.001136s ]
INFO: [ app_begin ] --END-- [ RunTime:0.001230s ]
INFO: [ view_parse ] --START--
INFO: [ template_filter ] --START--
INFO: Run Behavior\ContentReplaceBehavior [ RunTime:0.000124s ]
INFO: [ template_filter ] --END-- [ RunTime:0.000275s ]
NOTIC: [8] Undefined variable: vo D:\server\apache\htdocs\tpoa\Application\Runtime\Cache\DiaoCha\d97503a643aeeb270e504af62ab155be.php 第 118 行.
NOTIC: [8] Undefined variable: vo D:\server\apache\htdocs\tpoa\Application\Runtime\Cache\DiaoCha\d97503a643aeeb270e504af62ab155be.php 第 118 行.
NOTIC: [8] Undefined variable: vo D:\server\apache\htdocs\tpoa\Application\Runtime\Cache\DiaoCha\d97503a643aeeb270e504af62ab155be.php 第 118 行.
INFO: Run Behavior\ParseTemplateBehavior [ RunTime:0.013969s ]
INFO: [ view_parse ] --END-- [ RunTime:0.014033s ]
INFO: [ view_filter ] --START--
INFO: Run Behavior\WriteHtmlCacheBehavior [ RunTime:0.000595s ]
INFO: [ view_filter ] --END-- [ RunTime:0.000651s ]
INFO: [ app_end ] --START--
INFO: Run Behavior\ShowPageTraceBehavior [ RunTime:0.000901s ]
INFO: [ app_end ] --END-- [ RunTime:0.000954s ]

[ 2016-01-02T00:35:15+08:00 ] 127.0.0.1 /index.php/DiaoCha/Index/index
INFO: [ app_init ] --START--
INFO: Run Behavior\BuildLiteBehavior [ RunTime:0.000028s ]
INFO: [ app_init ] --END-- [ RunTime:0.000523s ]
INFO: [ app_begin ] --START--
INFO: Run Behavior\ReadHtmlCacheBehavior [ RunTime:0.000691s ]
INFO: [ app_begin ] --END-- [ RunTime:0.000752s ]
INFO: [ view_parse ] --START--
INFO: [ template_filter ] --START--
INFO: Run Behavior\ContentReplaceBehavior [ RunTime:0.000171s ]
INFO: [ template_filter ] --END-- [ RunTime:0.000329s ]
NOTIC: [8] Undefined variable: vo D:\server\apache\htdocs\tpoa\Application\Runtime\Cache\DiaoCha\d97503a643aeeb270e504af62ab155be.php 第 118 行.
NOTIC: [8] Undefined variable: vo D:\server\apache\htdocs\tpoa\Application\Runtime\Cache\DiaoCha\d97503a643aeeb270e504af62ab155be.php 第 118 行.
NOTIC: [8] Undefined variable: vo D:\server\apache\htdocs\tpoa\Application\Runtime\Cache\DiaoCha\d97503a643aeeb270e504af62ab155be.php 第 118 行.
INFO: Run Behavior\ParseTemplateBehavior [ RunTime:0.011703s ]
INFO: [ view_parse ] --END-- [ RunTime:0.011766s ]
INFO: [ view_filter ] --START--
INFO: Run Behavior\WriteHtmlCacheBehavior [ RunTime:0.000409s ]
INFO: [ view_filter ] --END-- [ RunTime:0.000466s ]
INFO: [ app_end ] --START--
INFO: Run Behavior\ShowPageTraceBehavior [ RunTime:0.000865s ]
INFO: [ app_end ] --END-- [ RunTime:0.000929s ]

[ 2016-01-02T00:35:39+08:00 ] 127.0.0.1 /index.php/DiaoCha/Index/index
INFO: [ app_init ] --START--
INFO: Run Behavior\BuildLiteBehavior [ RunTime:0.000018s ]
INFO: [ app_init ] --END-- [ RunTime:0.000512s ]
INFO: [ app_begin ] --START--
INFO: Run Behavior\ReadHtmlCacheBehavior [ RunTime:0.000683s ]
INFO: [ app_begin ] --END-- [ RunTime:0.000744s ]
INFO: [ view_parse ] --START--
INFO: [ template_filter ] --START--
INFO: Run Behavior\ContentReplaceBehavior [ RunTime:0.000088s ]
INFO: [ template_filter ] --END-- [ RunTime:0.000178s ]
INFO: Run Behavior\ParseTemplateBehavior [ RunTime:0.012362s ]
INFO: [ view_parse ] --END-- [ RunTime:0.012434s ]
INFO: [ view_filter ] --START--
INFO: Run Behavior\WriteHtmlCacheBehavior [ RunTime:0.000368s ]
INFO: [ view_filter ] --END-- [ RunTime:0.000425s ]
INFO: [ app_end ] --START--
INFO: Run Behavior\ShowPageTraceBehavior [ RunTime:0.000773s ]
INFO: [ app_end ] --END-- [ RunTime:0.000833s ]

[ 2016-01-02T00:37:09+08:00 ] 127.0.0.1 /index.php/DiaoCha/Index/index
INFO: [ app_init ] --START--
INFO: Run Behavior\BuildLiteBehavior [ RunTime:0.000020s ]
INFO: [ app_init ] --END-- [ RunTime:0.000733s ]
INFO: [ app_begin ] --START--
INFO: Run Behavior\ReadHtmlCacheBehavior [ RunTime:0.001103s ]
INFO: [ app_begin ] --END-- [ RunTime:0.001193s ]
INFO: [ view_parse ] --START--
INFO: [ template_filter ] --START--
INFO: Run Behavior\ContentReplaceBehavior [ RunTime:0.000089s ]
INFO: [ template_filter ] --END-- [ RunTime:0.000158s ]
INFO: Run Behavior\ParseTemplateBehavior [ RunTime:0.014520s ]
INFO: [ view_parse ] --END-- [ RunTime:0.014596s ]
INFO: [ view_filter ] --START--
INFO: Run Behavior\WriteHtmlCacheBehavior [ RunTime:0.000577s ]
INFO: [ view_filter ] --END-- [ RunTime:0.000633s ]
INFO: [ app_end ] --START--
INFO: Run Behavior\ShowPageTraceBehavior [ RunTime:0.001714s ]
INFO: [ app_end ] --END-- [ RunTime:0.001804s ]

[ 2016-01-02T00:37:15+08:00 ] 127.0.0.1 /index.php/DiaoCha/Index/index
INFO: [ app_init ] --START--
INFO: Run Behavior\BuildLiteBehavior [ RunTime:0.000030s ]
INFO: [ app_init ] --END-- [ RunTime:0.000790s ]
INFO: [ app_begin ] --START--
INFO: Run Behavior\ReadHtmlCacheBehavior [ RunTime:0.000711s ]
INFO: [ app_begin ] --END-- [ RunTime:0.000779s ]
INFO: [ view_parse ] --START--
INFO: [ template_filter ] --START--
INFO: Run Behavior\ContentReplaceBehavior [ RunTime:0.000090s ]
INFO: [ template_filter ] --END-- [ RunTime:0.000184s ]
INFO: Run Behavior\ParseTemplateBehavior [ RunTime:0.012798s ]
INFO: [ view_parse ] --END-- [ RunTime:0.012871s ]
INFO: [ view_filter ] --START--
INFO: Run Behavior\WriteHtmlCacheBehavior [ RunTime:0.000410s ]
INFO: [ view_filter ] --END-- [ RunTime:0.000462s ]
INFO: [ app_end ] --START--
INFO: Run Behavior\ShowPageTraceBehavior [ RunTime:0.000951s ]
INFO: [ app_end ] --END-- [ RunTime:0.001002s ]

[ 2016-01-02T00:39:31+08:00 ] 127.0.0.1 /index.php/DiaoCha/Index/index
INFO: [ app_init ] --START--
INFO: Run Behavior\BuildLiteBehavior [ RunTime:0.000021s ]
INFO: [ app_init ] --END-- [ RunTime:0.000709s ]
INFO: [ app_begin ] --START--
INFO: Run Behavior\ReadHtmlCacheBehavior [ RunTime:0.002799s ]
INFO: [ app_begin ] --END-- [ RunTime:0.002906s ]
INFO: [ view_parse ] --START--
INFO: [ template_filter ] --START--
INFO: Run Behavior\ContentReplaceBehavior [ RunTime:0.000081s ]
INFO: [ template_filter ] --END-- [ RunTime:0.000148s ]
INFO: Run Behavior\ParseTemplateBehavior [ RunTime:0.016143s ]
INFO: [ view_parse ] --END-- [ RunTime:0.016267s ]
INFO: [ view_filter ] --START--
INFO: Run Behavior\WriteHtmlCacheBehavior [ RunTime:0.001027s ]
INFO: [ view_filter ] --END-- [ RunTime:0.001116s ]
INFO: [ app_end ] --START--
INFO: Run Behavior\ShowPageTraceBehavior [ RunTime:0.001636s ]
INFO: [ app_end ] --END-- [ RunTime:0.001738s ]

[ 2016-01-02T00:39:42+08:00 ] 127.0.0.1 /index.php/DiaoCha/Index/deal.html
INFO: [ app_init ] --START--
INFO: Run Behavior\BuildLiteBehavior [ RunTime:0.000020s ]
INFO: [ app_init ] --END-- [ RunTime:0.000534s ]
INFO: [ app_begin ] --START--
INFO: Run Behavior\ReadHtmlCacheBehavior [ RunTime:0.000723s ]
INFO: [ app_begin ] --END-- [ RunTime:0.000791s ]
SQL: SHOW COLUMNS FROM `tp_diaocha` [ RunTime:0.0106s ]
SQL: INSERT INTO `tp_diaocha` (`username`,`type`,`level`,`content`) VALUES ('黄振文','2','4','好多都不懂') [ RunTime:0.0751s ]
INFO: [ view_parse ] --START--
INFO: [ template_filter ] --START--
INFO: Run Behavior\ContentReplaceBehavior [ RunTime:0.000046s ]
INFO: [ template_filter ] --END-- [ RunTime:0.000116s ]
INFO: Run Behavior\ParseTemplateBehavior [ RunTime:0.013732s ]
INFO: [ view_parse ] --END-- [ RunTime:0.013811s ]
INFO: [ view_filter ] --START--
INFO: Run Behavior\WriteHtmlCacheBehavior [ RunTime:0.000405s ]
INFO: [ view_filter ] --END-- [ RunTime:0.000457s ]
INFO: [ app_end ] --START--
INFO: Run Behavior\ShowPageTraceBehavior [ RunTime:0.001051s ]
INFO: [ app_end ] --END-- [ RunTime:0.001110s ]

[ 2016-01-02T00:39:43+08:00 ] 127.0.0.1 /index.php/DiaoCha/Index/index
INFO: [ app_init ] --START--
INFO: Run Behavior\BuildLiteBehavior [ RunTime:0.000020s ]
INFO: [ app_init ] --END-- [ RunTime:0.000569s ]
INFO: [ app_begin ] --START--
INFO: Run Behavior\ReadHtmlCacheBehavior [ RunTime:0.000707s ]
INFO: [ app_begin ] --END-- [ RunTime:0.000816s ]
INFO: [ view_parse ] --START--
INFO: [ template_filter ] --START--
INFO: Run Behavior\ContentReplaceBehavior [ RunTime:0.000081s ]
INFO: [ template_filter ] --END-- [ RunTime:0.000152s ]
INFO: Run Behavior\ParseTemplateBehavior [ RunTime:0.012899s ]
INFO: [ view_parse ] --END-- [ RunTime:0.013057s ]
INFO: [ view_filter ] --START--
INFO: Run Behavior\WriteHtmlCacheBehavior [ RunTime:0.000372s ]
INFO: [ view_filter ] --END-- [ RunTime:0.000423s ]
INFO: [ app_end ] --START--
INFO: Run Behavior\ShowPageTraceBehavior [ RunTime:0.001441s ]
INFO: [ app_end ] --END-- [ RunTime:0.001526s ]

[ 2016-01-02T00:40:22+08:00 ] 127.0.0.1 /index.php/DiaoCha/Index/deal.html
INFO: [ app_init ] --START--
INFO: Run Behavior\BuildLiteBehavior [ RunTime:0.000020s ]
INFO: [ app_init ] --END-- [ RunTime:0.000603s ]
INFO: [ app_begin ] --START--
INFO: Run Behavior\ReadHtmlCacheBehavior [ RunTime:0.000747s ]
INFO: [ app_begin ] --END-- [ RunTime:0.000817s ]
SQL: SHOW COLUMNS FROM `tp_diaocha` [ RunTime:0.0088s ]
SQL: INSERT INTO `tp_diaocha` (`username`,`type`,`level`,`content`) VALUES ('小强','3','3','什么鬼啊') [ RunTime:0.1035s ]
INFO: [ view_parse ] --START--
INFO: [ template_filter ] --START--
INFO: Run Behavior\ContentReplaceBehavior [ RunTime:0.000042s ]
INFO: [ template_filter ] --END-- [ RunTime:0.000102s ]
INFO: Run Behavior\ParseTemplateBehavior [ RunTime:0.009356s ]
INFO: [ view_parse ] --END-- [ RunTime:0.009431s ]
INFO: [ view_filter ] --START--
INFO: Run Behavior\WriteHtmlCacheBehavior [ RunTime:0.000375s ]
INFO: [ view_filter ] --END-- [ RunTime:0.000425s ]
INFO: [ app_end ] --START--
INFO: Run Behavior\ShowPageTraceBehavior [ RunTime:0.000944s ]
INFO: [ app_end ] --END-- [ RunTime:0.000993s ]

[ 2016-01-02T00:40:24+08:00 ] 127.0.0.1 /index.php/DiaoCha/Index/index
INFO: [ app_init ] --START--
INFO: Run Behavior\BuildLiteBehavior [ RunTime:0.000046s ]
INFO: [ app_init ] --END-- [ RunTime:0.001231s ]
INFO: [ app_begin ] --START--
INFO: Run Behavior\ReadHtmlCacheBehavior [ RunTime:0.001104s ]
INFO: [ app_begin ] --END-- [ RunTime:0.001236s ]
INFO: [ view_parse ] --START--
INFO: [ template_filter ] --START--
INFO: Run Behavior\ContentReplaceBehavior [ RunTime:0.000159s ]
INFO: [ template_filter ] --END-- [ RunTime:0.000313s ]
INFO: Run Behavior\ParseTemplateBehavior [ RunTime:0.015580s ]
INFO: [ view_parse ] --END-- [ RunTime:0.015656s ]
INFO: [ view_filter ] --START--
INFO: Run Behavior\WriteHtmlCacheBehavior [ RunTime:0.000403s ]
INFO: [ view_filter ] --END-- [ RunTime:0.000453s ]
INFO: [ app_end ] --START--
INFO: Run Behavior\ShowPageTraceBehavior [ RunTime:0.001008s ]
INFO: [ app_end ] --END-- [ RunTime:0.001065s ]

[ 2016-01-02T00:42:16+08:00 ] 127.0.0.1 /index.php/DiaoCha/Index/index
INFO: [ app_init ] --START--
INFO: Run Behavior\BuildLiteBehavior [ RunTime:0.000023s ]
INFO: [ app_init ] --END-- [ RunTime:0.000672s ]
INFO: [ app_begin ] --START--
INFO: Run Behavior\ReadHtmlCacheBehavior [ RunTime:0.001000s ]
INFO: [ app_begin ] --END-- [ RunTime:0.001076s ]
INFO: [ view_parse ] --START--
INFO: [ template_filter ] --START--
INFO: Run Behavior\ContentReplaceBehavior [ RunTime:0.000087s ]
INFO: [ template_filter ] --END-- [ RunTime:0.000173s ]
INFO: Run Behavior\ParseTemplateBehavior [ RunTime:0.014859s ]
INFO: [ view_parse ] --END-- [ RunTime:0.014932s ]
INFO: [ view_filter ] --START--
INFO: Run Behavior\WriteHtmlCacheBehavior [ RunTime:0.000545s ]
INFO: [ view_filter ] --END-- [ RunTime:0.000600s ]
INFO: [ app_end ] --START--
INFO: Run Behavior\ShowPageTraceBehavior [ RunTime:0.001001s ]
INFO: [ app_end ] --END-- [ RunTime:0.001054s ]

[ 2016-01-02T00:42:21+08:00 ] 127.0.0.1 /index.php/DiaoCha/Index/deal.html
INFO: [ app_init ] --START--
INFO: Run Behavior\BuildLiteBehavior [ RunTime:0.000144s ]
INFO: [ app_init ] --END-- [ RunTime:0.002257s ]
INFO: [ app_begin ] --START--
INFO: Run Behavior\ReadHtmlCacheBehavior [ RunTime:0.001197s ]
INFO: [ app_begin ] --END-- [ RunTime:0.001321s ]
SQL: SHOW COLUMNS FROM `tp_diaocha` [ RunTime:0.0075s ]
SQL: INSERT INTO `tp_diaocha` (`username`,`type`,`level`,`content`) VALUES ('阿道夫','1','5','斯蒂芬') [ RunTime:0.1261s ]
INFO: [ view_parse ] --START--
INFO: [ template_filter ] --START--
INFO: Run Behavior\ContentReplaceBehavior [ RunTime:0.000044s ]
INFO: [ template_filter ] --END-- [ RunTime:0.000113s ]
INFO: Run Behavior\ParseTemplateBehavior [ RunTime:0.010882s ]
INFO: [ view_parse ] --END-- [ RunTime:0.010962s ]
INFO: [ view_filter ] --START--
INFO: Run Behavior\WriteHtmlCacheBehavior [ RunTime:0.000383s ]
INFO: [ view_filter ] --END-- [ RunTime:0.000434s ]
INFO: [ app_end ] --START--
INFO: Run Behavior\ShowPageTraceBehavior [ RunTime:0.000953s ]
INFO: [ app_end ] --END-- [ RunTime:0.001004s ]

[ 2016-01-02T00:42:22+08:00 ] 127.0.0.1 /index.php/DiaoCha/Index/index
INFO: [ app_init ] --START--
INFO: Run Behavior\BuildLiteBehavior [ RunTime:0.000019s ]
INFO: [ app_init ] --END-- [ RunTime:0.000532s ]
INFO: [ app_begin ] --START--
INFO: Run Behavior\ReadHtmlCacheBehavior [ RunTime:0.000690s ]
INFO: [ app_begin ] --END-- [ RunTime:0.000750s ]
INFO: [ view_parse ] --START--
INFO: [ template_filter ] --START--
INFO: Run Behavior\ContentReplaceBehavior [ RunTime:0.000079s ]
INFO: [ template_filter ] --END-- [ RunTime:0.000144s ]
INFO: Run Behavior\ParseTemplateBehavior [ RunTime:0.012314s ]
INFO: [ view_parse ] --END-- [ RunTime:0.012385s ]
INFO: [ view_filter ] --START--
INFO: Run Behavior\WriteHtmlCacheBehavior [ RunTime:0.000374s ]
INFO: [ view_filter ] --END-- [ RunTime:0.000425s ]
INFO: [ app_end ] --START--
INFO: Run Behavior\ShowPageTraceBehavior [ RunTime:0.000966s ]
INFO: [ app_end ] --END-- [ RunTime:0.001023s ]

[ 2016-01-02T00:42:30+08:00 ] 127.0.0.1 /index.php/DiaoCha/Index/deal.html
INFO: [ app_init ] --START--
INFO: Run Behavior\BuildLiteBehavior [ RunTime:0.000018s ]
INFO: [ app_init ] --END-- [ RunTime:0.000489s ]
INFO: [ app_begin ] --START--
INFO: Run Behavior\ReadHtmlCacheBehavior [ RunTime:0.000864s ]
INFO: [ app_begin ] --END-- [ RunTime:0.000985s ]
SQL: SHOW COLUMNS FROM `tp_diaocha` [ RunTime:0.0086s ]

[ 2016-01-02T00:44:39+08:00 ] 127.0.0.1 /index.php/DiaoCha/Index
INFO: [ app_init ] --START--
INFO: Run Behavior\BuildLiteBehavior [ RunTime:0.000036s ]
INFO: [ app_init ] --END-- [ RunTime:0.000922s ]
INFO: [ app_begin ] --START--
INFO: Run Behavior\ReadHtmlCacheBehavior [ RunTime:0.001251s ]
INFO: [ app_begin ] --END-- [ RunTime:0.001337s ]
INFO: [ view_parse ] --START--
INFO: [ template_filter ] --START--
INFO: Run Behavior\ContentReplaceBehavior [ RunTime:0.000082s ]
INFO: [ template_filter ] --END-- [ RunTime:0.000150s ]
INFO: Run Behavior\ParseTemplateBehavior [ RunTime:0.019522s ]
INFO: [ view_parse ] --END-- [ RunTime:0.019621s ]
INFO: [ view_filter ] --START--
INFO: Run Behavior\WriteHtmlCacheBehavior [ RunTime:0.000831s ]
INFO: [ view_filter ] --END-- [ RunTime:0.000905s ]
INFO: [ app_end ] --START--
INFO: Run Behavior\ShowPageTraceBehavior [ RunTime:0.001548s ]
INFO: [ app_end ] --END-- [ RunTime:0.001642s ]

[ 2016-01-02T00:44:44+08:00 ] 127.0.0.1 /index.php/DiaoCha/Index/deal.html
INFO: [ app_init ] --START--
INFO: Run Behavior\BuildLiteBehavior [ RunTime:0.000019s ]
INFO: [ app_init ] --END-- [ RunTime:0.000502s ]
INFO: [ app_begin ] --START--
INFO: Run Behavior\ReadHtmlCacheBehavior [ RunTime:0.000686s ]
INFO: [ app_begin ] --END-- [ RunTime:0.000747s ]
SQL: SHOW COLUMNS FROM `tp_diaocha` [ RunTime:0.0083s ]
ERR: SQLSTATE[22007]: Invalid datetime format: 1292 Incorrect datetime value: '1451666684' for column 'addtime' at row 1

[ 2016-01-02T00:45:15+08:00 ] 127.0.0.1 /index.php/DiaoCha/Index/deal.html
INFO: [ app_init ] --START--
INFO: Run Behavior\BuildLiteBehavior [ RunTime:0.000018s ]
INFO: [ app_init ] --END-- [ RunTime:0.000501s ]
INFO: [ app_begin ] --START--
INFO: Run Behavior\ReadHtmlCacheBehavior [ RunTime:0.001196s ]
INFO: [ app_begin ] --END-- [ RunTime:0.001307s ]
SQL: SHOW COLUMNS FROM `tp_diaocha` [ RunTime:0.0081s ]
SQL: INSERT INTO `tp_diaocha` (`username`,`type`,`level`,`content`,`ip`,`addtime`) VALUES ('阿斯蒂芬','1','5','阿斯蒂芬','127.0.0.1','2016-01-02') [ RunTime:0.0694s ]
INFO: [ view_parse ] --START--
INFO: [ template_filter ] --START--
INFO: Run Behavior\ContentReplaceBehavior [ RunTime:0.000065s ]
INFO: [ template_filter ] --END-- [ RunTime:0.000160s ]
INFO: Run Behavior\ParseTemplateBehavior [ RunTime:0.010656s ]
INFO: [ view_parse ] --END-- [ RunTime:0.010748s ]
INFO: [ view_filter ] --START--
INFO: Run Behavior\WriteHtmlCacheBehavior [ RunTime:0.000376s ]
INFO: [ view_filter ] --END-- [ RunTime:0.000427s ]
INFO: [ app_end ] --START--
INFO: Run Behavior\ShowPageTraceBehavior [ RunTime:0.000966s ]
INFO: [ app_end ] --END-- [ RunTime:0.001018s ]

[ 2016-01-02T00:45:16+08:00 ] 127.0.0.1 /index.php/DiaoCha/Index/index
INFO: [ app_init ] --START--
INFO: Run Behavior\BuildLiteBehavior [ RunTime:0.000019s ]
INFO: [ app_init ] --END-- [ RunTime:0.000537s ]
INFO: [ app_begin ] --START--
INFO: Run Behavior\ReadHtmlCacheBehavior [ RunTime:0.000711s ]
INFO: [ app_begin ] --END-- [ RunTime:0.000775s ]
INFO: [ view_parse ] --START--
INFO: [ template_filter ] --START--
INFO: Run Behavior\ContentReplaceBehavior [ RunTime:0.000081s ]
INFO: [ template_filter ] --END-- [ RunTime:0.000155s ]
INFO: Run Behavior\ParseTemplateBehavior [ RunTime:0.014167s ]
INFO: [ view_parse ] --END-- [ RunTime:0.014251s ]
INFO: [ view_filter ] --START--
INFO: Run Behavior\WriteHtmlCacheBehavior [ RunTime:0.000376s ]
INFO: [ view_filter ] --END-- [ RunTime:0.000426s ]
INFO: [ app_end ] --START--
INFO: Run Behavior\ShowPageTraceBehavior [ RunTime:0.000944s ]
INFO: [ app_end ] --END-- [ RunTime:0.000998s ]

[ 2016-01-02T00:45:43+08:00 ] 127.0.0.1 /index.php/DiaoCha/Index/index
INFO: [ app_init ] --START--
INFO: Run Behavior\BuildLiteBehavior [ RunTime:0.000031s ]
INFO: [ app_init ] --END-- [ RunTime:0.000767s ]
INFO: [ app_begin ] --START--
INFO: Run Behavior\ReadHtmlCacheBehavior [ RunTime:0.000729s ]
INFO: [ app_begin ] --END-- [ RunTime:0.000800s ]
INFO: [ view_parse ] --START--
INFO: [ template_filter ] --START--
INFO: Run Behavior\ContentReplaceBehavior [ RunTime:0.000078s ]
INFO: [ template_filter ] --END-- [ RunTime:0.000140s ]
INFO: Run Behavior\ParseTemplateBehavior [ RunTime:0.012236s ]
INFO: [ view_parse ] --END-- [ RunTime:0.012311s ]
INFO: [ view_filter ] --START--
INFO: Run Behavior\WriteHtmlCacheBehavior [ RunTime:0.000377s ]
INFO: [ view_filter ] --END-- [ RunTime:0.000429s ]
INFO: [ app_end ] --START--
INFO: Run Behavior\ShowPageTraceBehavior [ RunTime:0.000938s ]
INFO: [ app_end ] --END-- [ RunTime:0.000992s ]

[ 2016-01-02T00:46:37+08:00 ] 127.0.0.1 /index.php/DiaoCha/Index/deal.html
INFO: [ app_init ] --START--
INFO: Run Behavior\BuildLiteBehavior [ RunTime:0.000019s ]
INFO: [ app_init ] --END-- [ RunTime:0.000587s ]
INFO: [ app_begin ] --START--
INFO: Run Behavior\ReadHtmlCacheBehavior [ RunTime:0.001298s ]
INFO: [ app_begin ] --END-- [ RunTime:0.001386s ]
SQL: SHOW COLUMNS FROM `tp_diaocha` [ RunTime:0.0077s ]
SQL: INSERT INTO `tp_diaocha` (`username`,`type`,`level`,`content`,`ip`,`addtime`) VALUES ('小网','2','3','难到包','127.0.0.1','2016-01-02') [ RunTime:0.0988s ]
INFO: [ view_parse ] --START--
INFO: [ template_filter ] --START--
INFO: Run Behavior\ContentReplaceBehavior [ RunTime:0.000045s ]
INFO: [ template_filter ] --END-- [ RunTime:0.000112s ]
INFO: Run Behavior\ParseTemplateBehavior [ RunTime:0.010493s ]
INFO: [ view_parse ] --END-- [ RunTime:0.010571s ]
INFO: [ view_filter ] --START--
INFO: Run Behavior\WriteHtmlCacheBehavior [ RunTime:0.001127s ]
INFO: [ view_filter ] --END-- [ RunTime:0.001180s ]
INFO: [ app_end ] --START--
INFO: Run Behavior\ShowPageTraceBehavior [ RunTime:0.000884s ]
INFO: [ app_end ] --END-- [ RunTime:0.000937s ]

[ 2016-01-02T00:46:38+08:00 ] 127.0.0.1 /index.php/DiaoCha/Index/index
INFO: [ app_init ] --START--
INFO: Run Behavior\BuildLiteBehavior [ RunTime:0.000020s ]
INFO: [ app_init ] --END-- [ RunTime:0.000709s ]
INFO: [ app_begin ] --START--
INFO: Run Behavior\ReadHtmlCacheBehavior [ RunTime:0.000777s ]
INFO: [ app_begin ] --END-- [ RunTime:0.000846s ]
INFO: [ view_parse ] --START--
INFO: [ template_filter ] --START--
INFO: Run Behavior\ContentReplaceBehavior [ RunTime:0.000095s ]
INFO: [ template_filter ] --END-- [ RunTime:0.000164s ]
INFO: Run Behavior\ParseTemplateBehavior [ RunTime:0.012541s ]
INFO: [ view_parse ] --END-- [ RunTime:0.012626s ]
INFO: [ view_filter ] --START--
INFO: Run Behavior\WriteHtmlCacheBehavior [ RunTime:0.000369s ]
INFO: [ view_filter ] --END-- [ RunTime:0.000419s ]
INFO: [ app_end ] --START--
INFO: Run Behavior\ShowPageTraceBehavior [ RunTime:0.000703s ]
INFO: [ app_end ] --END-- [ RunTime:0.000756s ]

[ 2016-01-02T00:46:57+08:00 ] 127.0.0.1 /index.php/DiaoCha/Index/deal.html
INFO: [ app_init ] --START--
INFO: Run Behavior\BuildLiteBehavior [ RunTime:0.000018s ]
INFO: [ app_init ] --END-- [ RunTime:0.000494s ]
INFO: [ app_begin ] --START--
INFO: Run Behavior\ReadHtmlCacheBehavior [ RunTime:0.000704s ]
INFO: [ app_begin ] --END-- [ RunTime:0.000768s ]
SQL: SHOW COLUMNS FROM `tp_diaocha` [ RunTime:0.0084s ]
SQL: INSERT INTO `tp_diaocha` (`username`,`type`,`level`,`content`,`ip`,`addtime`) VALUES ('小羊','4','4','so easy','127.0.0.1','2016-01-02') [ RunTime:0.1306s ]
INFO: [ view_parse ] --START--
INFO: [ template_filter ] --START--
INFO: Run Behavior\ContentReplaceBehavior [ RunTime:0.000041s ]
INFO: [ template_filter ] --END-- [ RunTime:0.000101s ]
INFO: Run Behavior\ParseTemplateBehavior [ RunTime:0.009148s ]
INFO: [ view_parse ] --END-- [ RunTime:0.009224s ]
INFO: [ view_filter ] --START--
INFO: Run Behavior\WriteHtmlCacheBehavior [ RunTime:0.000390s ]
INFO: [ view_filter ] --END-- [ RunTime:0.000439s ]
INFO: [ app_end ] --START--
INFO: Run Behavior\ShowPageTraceBehavior [ RunTime:0.000747s ]
INFO: [ app_end ] --END-- [ RunTime:0.000801s ]

[ 2016-01-02T00:46:58+08:00 ] 127.0.0.1 /index.php/DiaoCha/Index/index
INFO: [ app_init ] --START--
INFO: Run Behavior\BuildLiteBehavior [ RunTime:0.000032s ]
INFO: [ app_init ] --END-- [ RunTime:0.000922s ]
INFO: [ app_begin ] --START--
INFO: Run Behavior\ReadHtmlCacheBehavior [ RunTime:0.000983s ]
INFO: [ app_begin ] --END-- [ RunTime:0.001070s ]
INFO: [ view_parse ] --START--
INFO: [ template_filter ] --START--
INFO: Run Behavior\ContentReplaceBehavior [ RunTime:0.000086s ]
INFO: [ template_filter ] --END-- [ RunTime:0.000165s ]
INFO: Run Behavior\ParseTemplateBehavior [ RunTime:0.015604s ]
INFO: [ view_parse ] --END-- [ RunTime:0.015681s ]
INFO: [ view_filter ] --START--
INFO: Run Behavior\WriteHtmlCacheBehavior [ RunTime:0.000435s ]
INFO: [ view_filter ] --END-- [ RunTime:0.000490s ]
INFO: [ app_end ] --START--
INFO: Run Behavior\ShowPageTraceBehavior [ RunTime:0.000858s ]
INFO: [ app_end ] --END-- [ RunTime:0.000944s ]

[ 2016-01-02T10:50:09+08:00 ] 127.0.0.1 /index.php/DiaoCha
INFO: [ app_init ] --START--
INFO: Run Behavior\BuildLiteBehavior [ RunTime:0.000022s ]
INFO: [ app_init ] --END-- [ RunTime:0.000937s ]
INFO: [ app_begin ] --START--
INFO: Run Behavior\ReadHtmlCacheBehavior [ RunTime:0.003174s ]
INFO: [ app_begin ] --END-- [ RunTime:0.003396s ]
SQL: SHOW COLUMNS FROM `tp_subject` [ RunTime:0.0086s ]
SQL: SELECT * FROM `tp_subject`  [ RunTime:0.0003s ]
INFO: [ view_parse ] --START--
INFO: [ template_filter ] --START--
INFO: Run Behavior\ContentReplaceBehavior [ RunTime:0.000084s ]
INFO: [ template_filter ] --END-- [ RunTime:0.000158s ]
NOTIC: [8] Array to string conversion D:\server\apache\htdocs\tpoa\Application\Runtime\Cache\DiaoCha\d97503a643aeeb270e504af62ab155be.php 第 117 行.
NOTIC: [8] Array to string conversion D:\server\apache\htdocs\tpoa\Application\Runtime\Cache\DiaoCha\d97503a643aeeb270e504af62ab155be.php 第 117 行.
NOTIC: [8] Array to string conversion D:\server\apache\htdocs\tpoa\Application\Runtime\Cache\DiaoCha\d97503a643aeeb270e504af62ab155be.php 第 117 行.
NOTIC: [8] Array to string conversion D:\server\apache\htdocs\tpoa\Application\Runtime\Cache\DiaoCha\d97503a643aeeb270e504af62ab155be.php 第 117 行.
NOTIC: [8] Array to string conversion D:\server\apache\htdocs\tpoa\Application\Runtime\Cache\DiaoCha\d97503a643aeeb270e504af62ab155be.php 第 117 行.
NOTIC: [8] Array to string conversion D:\server\apache\htdocs\tpoa\Application\Runtime\Cache\DiaoCha\d97503a643aeeb270e504af62ab155be.php 第 117 行.
NOTIC: [8] Array to string conversion D:\server\apache\htdocs\tpoa\Application\Runtime\Cache\DiaoCha\d97503a643aeeb270e504af62ab155be.php 第 117 行.
NOTIC: [8] Array to string conversion D:\server\apache\htdocs\tpoa\Application\Runtime\Cache\DiaoCha\d97503a643aeeb270e504af62ab155be.php 第 117 行.
NOTIC: [8] Array to string conversion D:\server\apache\htdocs\tpoa\Application\Runtime\Cache\DiaoCha\d97503a643aeeb270e504af62ab155be.php 第 117 行.
NOTIC: [8] Array to string conversion D:\server\apache\htdocs\tpoa\Application\Runtime\Cache\DiaoCha\d97503a643aeeb270e504af62ab155be.php 第 117 行.
NOTIC: [8] Array to string conversion D:\server\apache\htdocs\tpoa\Application\Runtime\Cache\DiaoCha\d97503a643aeeb270e504af62ab155be.php 第 117 行.
NOTIC: [8] Array to string conversion D:\server\apache\htdocs\tpoa\Application\Runtime\Cache\DiaoCha\d97503a643aeeb270e504af62ab155be.php 第 117 行.
NOTIC: [8] Array to string conversion D:\server\apache\htdocs\tpoa\Application\Runtime\Cache\DiaoCha\d97503a643aeeb270e504af62ab155be.php 第 117 行.
NOTIC: [8] Array to string conversion D:\server\apache\htdocs\tpoa\Application\Runtime\Cache\DiaoCha\d97503a643aeeb270e504af62ab155be.php 第 117 行.
NOTIC: [8] Array to string conversion D:\server\apache\htdocs\tpoa\Application\Runtime\Cache\DiaoCha\d97503a643aeeb270e504af62ab155be.php 第 117 行.
INFO: Run Behavior\ParseTemplateBehavior [ RunTime:0.018316s ]
INFO: [ view_parse ] --END-- [ RunTime:0.018485s ]
INFO: [ view_filter ] --START--
INFO: Run Behavior\WriteHtmlCacheBehavior [ RunTime:0.000834s ]
INFO: [ view_filter ] --END-- [ RunTime:0.000914s ]
INFO: [ app_end ] --START--
INFO: Run Behavior\ShowPageTraceBehavior [ RunTime:0.001868s ]
INFO: [ app_end ] --END-- [ RunTime:0.001968s ]

[ 2016-01-02T10:50:35+08:00 ] 127.0.0.1 /index.php/DiaoCha
INFO: [ app_init ] --START--
INFO: Run Behavior\BuildLiteBehavior [ RunTime:0.000019s ]
INFO: [ app_init ] --END-- [ RunTime:0.000591s ]
INFO: [ app_begin ] --START--
INFO: Run Behavior\ReadHtmlCacheBehavior [ RunTime:0.001090s ]
INFO: [ app_begin ] --END-- [ RunTime:0.001169s ]
SQL: SHOW COLUMNS FROM `tp_subject` [ RunTime:0.0078s ]
SQL: SELECT * FROM `tp_subject`  [ RunTime:0.0003s ]
INFO: [ view_parse ] --START--
INFO: [ template_filter ] --START--
INFO: Run Behavior\ContentReplaceBehavior [ RunTime:0.000081s ]
INFO: [ template_filter ] --END-- [ RunTime:0.000151s ]
NOTIC: [8] Array to string conversion D:\server\apache\htdocs\tpoa\Application\Runtime\Cache\DiaoCha\d97503a643aeeb270e504af62ab155be.php 第 117 行.
NOTIC: [8] Array to string conversion D:\server\apache\htdocs\tpoa\Application\Runtime\Cache\DiaoCha\d97503a643aeeb270e504af62ab155be.php 第 117 行.
NOTIC: [8] Array to string conversion D:\server\apache\htdocs\tpoa\Application\Runtime\Cache\DiaoCha\d97503a643aeeb270e504af62ab155be.php 第 117 行.
NOTIC: [8] Array to string conversion D:\server\apache\htdocs\tpoa\Application\Runtime\Cache\DiaoCha\d97503a643aeeb270e504af62ab155be.php 第 117 行.
NOTIC: [8] Array to string conversion D:\server\apache\htdocs\tpoa\Application\Runtime\Cache\DiaoCha\d97503a643aeeb270e504af62ab155be.php 第 117 行.
INFO: Run Behavior\ParseTemplateBehavior [ RunTime:0.012898s ]
INFO: [ view_parse ] --END-- [ RunTime:0.012963s ]
INFO: [ view_filter ] --START--
INFO: Run Behavior\WriteHtmlCacheBehavior [ RunTime:0.000530s ]
INFO: [ view_filter ] --END-- [ RunTime:0.000580s ]
INFO: [ app_end ] --START--
INFO: Run Behavior\ShowPageTraceBehavior [ RunTime:0.000995s ]
INFO: [ app_end ] --END-- [ RunTime:0.001052s ]

[ 2016-01-02T17:50:16+08:00 ] 127.0.0.1 /index.php/DiaoCha
INFO: [ app_init ] --START--
INFO: Run Behavior\BuildLiteBehavior [ RunTime:0.000031s ]
INFO: [ app_init ] --END-- [ RunTime:0.000862s ]
INFO: [ app_begin ] --START--
INFO: Run Behavior\ReadHtmlCacheBehavior [ RunTime:0.005754s ]
INFO: [ app_begin ] --END-- [ RunTime:0.005885s ]
SQL: SHOW COLUMNS FROM `tp_subject` [ RunTime:0.0104s ]
SQL: SELECT * FROM `tp_subject`  [ RunTime:0.0004s ]
INFO: [ view_parse ] --START--
INFO: [ template_filter ] --START--
INFO: Run Behavior\ContentReplaceBehavior [ RunTime:0.000080s ]
INFO: [ template_filter ] --END-- [ RunTime:0.000145s ]
NOTIC: [8] Array to string conversion D:\server\apache\htdocs\tpoa\Application\Runtime\Cache\DiaoCha\d97503a643aeeb270e504af62ab155be.php 第 117 行.
NOTIC: [8] Array to string conversion D:\server\apache\htdocs\tpoa\Application\Runtime\Cache\DiaoCha\d97503a643aeeb270e504af62ab155be.php 第 117 行.
NOTIC: [8] Array to string conversion D:\server\apache\htdocs\tpoa\Application\Runtime\Cache\DiaoCha\d97503a643aeeb270e504af62ab155be.php 第 117 行.
NOTIC: [8] Array to string conversion D:\server\apache\htdocs\tpoa\Application\Runtime\Cache\DiaoCha\d97503a643aeeb270e504af62ab155be.php 第 117 行.
NOTIC: [8] Array to string conversion D:\server\apache\htdocs\tpoa\Application\Runtime\Cache\DiaoCha\d97503a643aeeb270e504af62ab155be.php 第 117 行.
INFO: Run Behavior\ParseTemplateBehavior [ RunTime:0.015128s ]
INFO: [ view_parse ] --END-- [ RunTime:0.015215s ]
INFO: [ view_filter ] --START--
INFO: Run Behavior\WriteHtmlCacheBehavior [ RunTime:0.000540s ]
INFO: [ view_filter ] --END-- [ RunTime:0.000607s ]
INFO: [ app_end ] --START--
INFO: Run Behavior\ShowPageTraceBehavior [ RunTime:0.001137s ]
INFO: [ app_end ] --END-- [ RunTime:0.001203s ]

[ 2016-01-02T17:51:44+08:00 ] 127.0.0.1 /index.php/DiaoCha/
INFO: [ app_init ] --START--
INFO: Run Behavior\BuildLiteBehavior [ RunTime:0.000027s ]
INFO: [ app_init ] --END-- [ RunTime:0.000821s ]
INFO: [ app_begin ] --START--
INFO: Run Behavior\ReadHtmlCacheBehavior [ RunTime:0.001340s ]
INFO: [ app_begin ] --END-- [ RunTime:0.001426s ]
SQL: SHOW COLUMNS FROM `tp_subject` [ RunTime:0.0087s ]
SQL: SELECT * FROM `tp_subject`  [ RunTime:0.0002s ]
INFO: [ view_parse ] --START--
INFO: [ template_filter ] --START--
INFO: Run Behavior\ContentReplaceBehavior [ RunTime:0.000089s ]
INFO: [ template_filter ] --END-- [ RunTime:0.000155s ]
NOTIC: [8] Array to string conversion D:\server\apache\htdocs\tpoa\Application\Runtime\Cache\DiaoCha\d97503a643aeeb270e504af62ab155be.php 第 117 行.
NOTIC: [8] Array to string conversion D:\server\apache\htdocs\tpoa\Application\Runtime\Cache\DiaoCha\d97503a643aeeb270e504af62ab155be.php 第 117 行.
NOTIC: [8] Array to string conversion D:\server\apache\htdocs\tpoa\Application\Runtime\Cache\DiaoCha\d97503a643aeeb270e504af62ab155be.php 第 117 行.
NOTIC: [8] Array to string conversion D:\server\apache\htdocs\tpoa\Application\Runtime\Cache\DiaoCha\d97503a643aeeb270e504af62ab155be.php 第 117 行.
NOTIC: [8] Array to string conversion D:\server\apache\htdocs\tpoa\Application\Runtime\Cache\DiaoCha\d97503a643aeeb270e504af62ab155be.php 第 117 行.
INFO: Run Behavior\ParseTemplateBehavior [ RunTime:0.013763s ]
INFO: [ view_parse ] --END-- [ RunTime:0.013831s ]
INFO: [ view_filter ] --START--
INFO: Run Behavior\WriteHtmlCacheBehavior [ RunTime:0.000610s ]
INFO: [ view_filter ] --END-- [ RunTime:0.000662s ]
INFO: [ app_end ] --START--
INFO: Run Behavior\ShowPageTraceBehavior [ RunTime:0.001001s ]
INFO: [ app_end ] --END-- [ RunTime:0.001054s ]

[ 2016-01-02T18:14:38+08:00 ] 127.0.0.1 /
INFO: [ app_init ] --START--
INFO: Run Behavior\BuildLiteBehavior [ RunTime:0.000030s ]
INFO: [ app_init ] --END-- [ RunTime:0.000848s ]
INFO: [ app_begin ] --START--
INFO: Run Behavior\ReadHtmlCacheBehavior [ RunTime:0.002474s ]
INFO: [ app_begin ] --END-- [ RunTime:0.002591s ]
SQL: SHOW COLUMNS FROM `tp_subject` [ RunTime:0.0078s ]
SQL: SELECT * FROM `tp_subject`  [ RunTime:0.0003s ]
INFO: [ view_parse ] --START--
INFO: [ template_filter ] --START--
INFO: Run Behavior\ContentReplaceBehavior [ RunTime:0.000081s ]
INFO: [ template_filter ] --END-- [ RunTime:0.000147s ]
NOTIC: [8] Array to string conversion D:\server\apache\htdocs\tpoa\Application\Runtime\Cache\DiaoCha\d97503a643aeeb270e504af62ab155be.php 第 117 行.
NOTIC: [8] Array to string conversion D:\server\apache\htdocs\tpoa\Application\Runtime\Cache\DiaoCha\d97503a643aeeb270e504af62ab155be.php 第 117 行.
NOTIC: [8] Array to string conversion D:\server\apache\htdocs\tpoa\Application\Runtime\Cache\DiaoCha\d97503a643aeeb270e504af62ab155be.php 第 117 行.
NOTIC: [8] Array to string conversion D:\server\apache\htdocs\tpoa\Application\Runtime\Cache\DiaoCha\d97503a643aeeb270e504af62ab155be.php 第 117 行.
NOTIC: [8] Array to string conversion D:\server\apache\htdocs\tpoa\Application\Runtime\Cache\DiaoCha\d97503a643aeeb270e504af62ab155be.php 第 117 行.
INFO: Run Behavior\ParseTemplateBehavior [ RunTime:0.013749s ]
INFO: [ view_parse ] --END-- [ RunTime:0.013812s ]
INFO: [ view_filter ] --START--
INFO: Run Behavior\WriteHtmlCacheBehavior [ RunTime:0.000687s ]
INFO: [ view_filter ] --END-- [ RunTime:0.000737s ]
INFO: [ app_end ] --START--
INFO: Run Behavior\ShowPageTraceBehavior [ RunTime:0.000993s ]
INFO: [ app_end ] --END-- [ RunTime:0.001045s ]

[ 2016-01-02T18:14:45+08:00 ] 127.0.0.1 /
INFO: [ app_init ] --START--
INFO: Run Behavior\BuildLiteBehavior [ RunTime:0.000032s ]
INFO: [ app_init ] --END-- [ RunTime:0.000825s ]
INFO: [ app_begin ] --START--
INFO: Run Behavior\ReadHtmlCacheBehavior [ RunTime:0.001106s ]
INFO: [ app_begin ] --END-- [ RunTime:0.001185s ]
SQL: SHOW COLUMNS FROM `tp_subject` [ RunTime:0.0084s ]
SQL: SELECT * FROM `tp_subject`  [ RunTime:0.0003s ]
INFO: [ view_parse ] --START--
INFO: [ template_filter ] --START--
INFO: Run Behavior\ContentReplaceBehavior [ RunTime:0.000081s ]
INFO: [ template_filter ] --END-- [ RunTime:0.000148s ]
NOTIC: [8] Array to string conversion D:\server\apache\htdocs\tpoa\Application\Runtime\Cache\DiaoCha\d97503a643aeeb270e504af62ab155be.php 第 117 行.
NOTIC: [8] Array to string conversion D:\server\apache\htdocs\tpoa\Application\Runtime\Cache\DiaoCha\d97503a643aeeb270e504af62ab155be.php 第 117 行.
NOTIC: [8] Array to string conversion D:\server\apache\htdocs\tpoa\Application\Runtime\Cache\DiaoCha\d97503a643aeeb270e504af62ab155be.php 第 117 行.
NOTIC: [8] Array to string conversion D:\server\apache\htdocs\tpoa\Application\Runtime\Cache\DiaoCha\d97503a643aeeb270e504af62ab155be.php 第 117 行.
NOTIC: [8] Array to string conversion D:\server\apache\htdocs\tpoa\Application\Runtime\Cache\DiaoCha\d97503a643aeeb270e504af62ab155be.php 第 117 行.
INFO: Run Behavior\ParseTemplateBehavior [ RunTime:0.013893s ]
INFO: [ view_parse ] --END-- [ RunTime:0.013957s ]
INFO: [ view_filter ] --START--
INFO: Run Behavior\WriteHtmlCacheBehavior [ RunTime:0.000636s ]
INFO: [ view_filter ] --END-- [ RunTime:0.000688s ]
INFO: [ app_end ] --START--
INFO: Run Behavior\ShowPageTraceBehavior [ RunTime:0.000999s ]
INFO: [ app_end ] --END-- [ RunTime:0.001052s ]

[ 2016-01-02T18:27:27+08:00 ] 127.0.0.1 /index.php/DiaoCha/Index/index
INFO: [ app_init ] --START--
INFO: Run Behavior\BuildLiteBehavior [ RunTime:0.000033s ]
INFO: [ app_init ] --END-- [ RunTime:0.000777s ]
INFO: [ app_begin ] --START--
INFO: Run Behavior\ReadHtmlCacheBehavior [ RunTime:0.001560s ]
INFO: [ app_begin ] --END-- [ RunTime:0.001683s ]
SQL: SHOW COLUMNS FROM `tp_subject` [ RunTime:0.0088s ]
SQL: SELECT * FROM `tp_subject`  [ RunTime:0.0003s ]
INFO: [ view_parse ] --START--
INFO: [ template_filter ] --START--
INFO: Run Behavior\ContentReplaceBehavior [ RunTime:0.000080s ]
INFO: [ template_filter ] --END-- [ RunTime:0.000143s ]
NOTIC: [8] Array to string conversion D:\server\apache\htdocs\tpoa\Application\Runtime\Cache\DiaoCha\d97503a643aeeb270e504af62ab155be.php 第 117 行.
NOTIC: [8] Array to string conversion D:\server\apache\htdocs\tpoa\Application\Runtime\Cache\DiaoCha\d97503a643aeeb270e504af62ab155be.php 第 117 行.
NOTIC: [8] Array to string conversion D:\server\apache\htdocs\tpoa\Application\Runtime\Cache\DiaoCha\d97503a643aeeb270e504af62ab155be.php 第 117 行.
NOTIC: [8] Array to string conversion D:\server\apache\htdocs\tpoa\Application\Runtime\Cache\DiaoCha\d97503a643aeeb270e504af62ab155be.php 第 117 行.
NOTIC: [8] Array to string conversion D:\server\apache\htdocs\tpoa\Application\Runtime\Cache\DiaoCha\d97503a643aeeb270e504af62ab155be.php 第 117 行.
INFO: Run Behavior\ParseTemplateBehavior [ RunTime:0.014761s ]
INFO: [ view_parse ] --END-- [ RunTime:0.014829s ]
INFO: [ view_filter ] --START--
INFO: Run Behavior\WriteHtmlCacheBehavior [ RunTime:0.000386s ]
INFO: [ view_filter ] --END-- [ RunTime:0.000447s ]
INFO: [ app_end ] --START--
INFO: Run Behavior\ShowPageTraceBehavior [ RunTime:0.001346s ]
INFO: [ app_end ] --END-- [ RunTime:0.001432s ]

[ 2016-01-02T18:38:33+08:00 ] 127.0.0.1 /index.php/DiaoCha/Index/index
INFO: [ app_init ] --START--
INFO: Run Behavior\BuildLiteBehavior [ RunTime:0.000029s ]
INFO: [ app_init ] --END-- [ RunTime:0.000749s ]
INFO: [ app_begin ] --START--
INFO: Run Behavior\ReadHtmlCacheBehavior [ RunTime:0.001731s ]
INFO: [ app_begin ] --END-- [ RunTime:0.001853s ]
SQL: SHOW COLUMNS FROM `tp_subject` [ RunTime:0.0102s ]
SQL: SELECT * FROM `tp_subject`  [ RunTime:0.0003s ]
INFO: [ view_parse ] --START--
INFO: [ template_filter ] --START--
INFO: Run Behavior\ContentReplaceBehavior [ RunTime:0.000081s ]
INFO: [ template_filter ] --END-- [ RunTime:0.000149s ]
NOTIC: [8] Array to string conversion D:\server\apache\htdocs\tpoa\Application\Runtime\Cache\DiaoCha\d97503a643aeeb270e504af62ab155be.php 第 117 行.
NOTIC: [8] Array to string conversion D:\server\apache\htdocs\tpoa\Application\Runtime\Cache\DiaoCha\d97503a643aeeb270e504af62ab155be.php 第 117 行.
NOTIC: [8] Array to string conversion D:\server\apache\htdocs\tpoa\Application\Runtime\Cache\DiaoCha\d97503a643aeeb270e504af62ab155be.php 第 117 行.
NOTIC: [8] Array to string conversion D:\server\apache\htdocs\tpoa\Application\Runtime\Cache\DiaoCha\d97503a643aeeb270e504af62ab155be.php 第 117 行.
NOTIC: [8] Array to string conversion D:\server\apache\htdocs\tpoa\Application\Runtime\Cache\DiaoCha\d97503a643aeeb270e504af62ab155be.php 第 117 行.
INFO: Run Behavior\ParseTemplateBehavior [ RunTime:0.017328s ]
INFO: [ view_parse ] --END-- [ RunTime:0.017432s ]
INFO: [ view_filter ] --START--
INFO: Run Behavior\WriteHtmlCacheBehavior [ RunTime:0.000966s ]
INFO: [ view_filter ] --END-- [ RunTime:0.001053s ]
INFO: [ app_end ] --START--
INFO: Run Behavior\ShowPageTraceBehavior [ RunTime:0.001678s ]
INFO: [ app_end ] --END-- [ RunTime:0.001786s ]

